sample size 100 
num of features in Z 5 
design Gaussian 
noise/error multinomial 
signal/power 0 
[1] "#########1############"
         ttest             FL          PRegs      PRegsCoef           perm 
        0.0720         0.0700         0.0545         0.0545         0.0650 
cyclicStrong05   cyclicWeak05 cyclicRandom05 cyclicStrong01   cyclicWeak01 
        0.0670         0.0670         0.0490         0.0430         0.0430 
cyclicRandom01 
        0.0400 
         ttest             FL          PRegs      PRegsCoef           perm 
        0.0000         0.0085         0.0005         0.0000         0.0050 
cyclicStrong05   cyclicWeak05 cyclicRandom05 cyclicStrong01   cyclicWeak01 
        0.0000         0.0000         0.0000         0.0115         0.0115 
cyclicRandom01 
        0.0075 
         ttest             FL          PRegs      PRegsCoef           perm 
             0              0              0              0              0 
cyclicStrong05   cyclicWeak05 cyclicRandom05 cyclicStrong01   cyclicWeak01 
             0              0              0              0              0 
cyclicRandom01 
             0 
[1] "#########2############"
         ttest             FL          PRegs      PRegsCoef           perm 
        0.0500         0.0530         0.0450         0.0405         0.0635 
cyclicStrong05   cyclicWeak05 cyclicRandom05 cyclicStrong01   cyclicWeak01 
        0.0490         0.0455         0.0440         0.0455         0.0625 
cyclicRandom01 
        0.0615 
         ttest             FL          PRegs      PRegsCoef           perm 
        0.0000         0.0125         0.0015         0.0030         0.0105 
cyclicStrong05   cyclicWeak05 cyclicRandom05 cyclicStrong01   cyclicWeak01 
        0.0000         0.0000         0.0000         0.0080         0.0090 
cyclicRandom01 
        0.0110 
         ttest             FL          PRegs      PRegsCoef           perm 
             0              0              0              0              0 
cyclicStrong05   cyclicWeak05 cyclicRandom05 cyclicStrong01   cyclicWeak01 
             0              0              0              0              0 
cyclicRandom01 
             0 
[1] "#########3############"
