sample size 100 
num of features in Z 2 
design Cauchy 
noise/error gaussian 
signal/power 0.9 
[1] "#########1############"
         ttest             FL          PRegs      PRegsCoef           perm 
        0.9015         0.8995         0.8915         0.8925         0.8980 
cyclicStrong05   cyclicWeak05 cyclicRandom05 cyclicStrong01   cyclicWeak01 
        0.7910         0.7785         0.7400         0.0315         0.0970 
cyclicRandom01 
        0.3415 
         ttest             FL          PRegs      PRegsCoef           perm 
        0.7440         0.7240         0.6760         0.6720         0.7270 
cyclicStrong05   cyclicWeak05 cyclicRandom05 cyclicStrong01   cyclicWeak01 
        0.0000         0.0000         0.0000         0.0060         0.0195 
cyclicRandom01 
        0.1585 
         ttest             FL          PRegs      PRegsCoef           perm 
        0.4525         0.2945         0.1475         0.1485         0.3090 
cyclicStrong05   cyclicWeak05 cyclicRandom05 cyclicStrong01   cyclicWeak01 
        0.0000         0.0000         0.0000         0.0000         0.0000 
cyclicRandom01 
        0.0000 
[1] "#########2############"
         ttest             FL          PRegs      PRegsCoef           perm 
        0.9005         0.9000         0.8960         0.8925         0.8985 
cyclicStrong05   cyclicWeak05 cyclicRandom05 cyclicStrong01   cyclicWeak01 
        0.5965         0.5995         0.6850         0.0900         0.0565 
cyclicRandom01 
        0.0460 
         ttest             FL          PRegs      PRegsCoef           perm 
        0.7445         0.7405         0.7075         0.7045         0.7365 
cyclicStrong05   cyclicWeak05 cyclicRandom05 cyclicStrong01   cyclicWeak01 
        0.0000         0.0000         0.0000         0.0200         0.0070 
cyclicRandom01 
        0.0085 
         ttest             FL          PRegs      PRegsCoef           perm 
        0.4665         0.4065         0.2955         0.2975         0.4200 
cyclicStrong05   cyclicWeak05 cyclicRandom05 cyclicStrong01   cyclicWeak01 
        0.0000         0.0000         0.0000         0.0000         0.0000 
cyclicRandom01 
        0.0000 
[1] "#########3############"
