sample size 100 
num of features in Z 2 
design AnovaBalance 
noise/error cauchy 
signal/power 0 
[1] "#########1############"
         ttest             FL          PRegs      PRegsCoef           perm 
        0.0255         0.0455         0.0430         0.0425         0.0435 
cyclicStrong05   cyclicWeak05 cyclicRandom05 cyclicStrong01   cyclicWeak01 
        0.0595         0.0475         0.0490         0.0530         0.0445 
cyclicRandom01 
        0.0430 
         ttest             FL          PRegs      PRegsCoef           perm 
        0.0035         0.0105         0.0085         0.0095         0.0080 
cyclicStrong05   cyclicWeak05 cyclicRandom05 cyclicStrong01   cyclicWeak01 
        0.0000         0.0000         0.0000         0.0095         0.0100 
cyclicRandom01 
        0.0050 
         ttest             FL          PRegs      PRegsCoef           perm 
         5e-04          5e-04          1e-03          2e-03          1e-03 
cyclicStrong05   cyclicWeak05 cyclicRandom05 cyclicStrong01   cyclicWeak01 
         0e+00          0e+00          0e+00          0e+00          0e+00 
cyclicRandom01 
         0e+00 
[1] "#########2############"
         ttest             FL          PRegs      PRegsCoef           perm 
        0.0240         0.0435         0.0395         0.0415         0.0405 
cyclicStrong05   cyclicWeak05 cyclicRandom05 cyclicStrong01   cyclicWeak01 
        0.0435         0.0485         0.0475         0.0490         0.0395 
cyclicRandom01 
        0.0480 
         ttest             FL          PRegs      PRegsCoef           perm 
        0.0010         0.0040         0.0055         0.0040         0.0055 
cyclicStrong05   cyclicWeak05 cyclicRandom05 cyclicStrong01   cyclicWeak01 
        0.0000         0.0000         0.0000         0.0070         0.0080 
cyclicRandom01 
        0.0055 
         ttest             FL          PRegs      PRegsCoef           perm 
             0              0              0              0              0 
cyclicStrong05   cyclicWeak05 cyclicRandom05 cyclicStrong01   cyclicWeak01 
             0              0              0              0              0 
cyclicRandom01 
             0 
[1] "#########3############"
         ttest             FL          PRegs      PRegsCoef           perm 
        0.0210         0.0385         0.0355         0.0355         0.0380 
cyclicStrong05   cyclicWeak05 cyclicRandom05 cyclicStrong01   cyclicWeak01 
        0.0560         0.0435         0.0475         0.0470         0.0425 
cyclicRandom01 
        0.0535 
         ttest             FL          PRegs      PRegsCoef           perm 
        0.0020         0.0045         0.0040         0.0045         0.0045 
cyclicStrong05   cyclicWeak05 cyclicRandom05 cyclicStrong01   cyclicWeak01 
        0.0000         0.0000         0.0000         0.0075         0.0100 
cyclicRandom01 
        0.0105 
         ttest             FL          PRegs      PRegsCoef           perm 
        0.0000         0.0010         0.0010         0.0015         0.0000 
cyclicStrong05   cyclicWeak05 cyclicRandom05 cyclicStrong01   cyclicWeak01 
        0.0000         0.0000         0.0000         0.0000         0.0000 
cyclicRandom01 
        0.0000 
[1] "#########4############"
