sample size 500 
num of features in Z 2 
design Gaussian 
noise/error gaussian 
signal/power 0.9 
[1] "#########1############"
         ttest             FL          PRegs      PRegsCoef           perm 
        0.8895         0.8915         0.8885         0.8905         0.8900 
cyclicStrong05   cyclicWeak05 cyclicRandom05 cyclicStrong01   cyclicWeak01 
        0.7460         0.7635         0.7840         0.6870         0.7255 
cyclicRandom01 
        0.6905 
         ttest             FL          PRegs      PRegsCoef           perm 
        0.7450         0.7490         0.7390         0.7435         0.7440 
cyclicStrong05   cyclicWeak05 cyclicRandom05 cyclicStrong01   cyclicWeak01 
        0.0000         0.0000         0.0000         0.4130         0.4510 
cyclicRandom01 
        0.4010 
         ttest             FL          PRegs      PRegsCoef           perm 
        0.4765         0.4405         0.4485         0.4380         0.4495 
cyclicStrong05   cyclicWeak05 cyclicRandom05 cyclicStrong01   cyclicWeak01 
        0.0000         0.0000         0.0000         0.0000         0.0000 
cyclicRandom01 
        0.0000 
[1] "#########2############"
