sample size 100 
num of features in Z 5 
design Cauchy 
noise/error cauchy 
signal/power 0 
[1] "#########1############"
         ttest             FL          PRegs      PRegsCoef           perm 
        0.0425         0.0510         0.0415         0.0410         0.0485 
cyclicStrong05   cyclicWeak05 cyclicRandom05 cyclicStrong01   cyclicWeak01 
        0.0570         0.0455         0.0460         0.0490         0.0420 
cyclicRandom01 
        0.0380 
         ttest             FL          PRegs      PRegsCoef           perm 
        0.0265         0.0090         0.0030         0.0045         0.0085 
cyclicStrong05   cyclicWeak05 cyclicRandom05 cyclicStrong01   cyclicWeak01 
        0.0000         0.0000         0.0000         0.0095         0.0050 
cyclicRandom01 
        0.0055 
         ttest             FL          PRegs      PRegsCoef           perm 
        0.0175         0.0005         0.0000         0.0000         0.0005 
cyclicStrong05   cyclicWeak05 cyclicRandom05 cyclicStrong01   cyclicWeak01 
        0.0000         0.0000         0.0000         0.0000         0.0000 
cyclicRandom01 
        0.0000 
[1] "#########2############"
         ttest             FL          PRegs      PRegsCoef           perm 
        0.0330         0.0425         0.0315         0.0315         0.0445 
cyclicStrong05   cyclicWeak05 cyclicRandom05 cyclicStrong01   cyclicWeak01 
        0.0490         0.0470         0.0510         0.0555         0.0515 
cyclicRandom01 
        0.0460 
         ttest             FL          PRegs      PRegsCoef           perm 
        0.0285         0.0120         0.0045         0.0050         0.0110 
cyclicStrong05   cyclicWeak05 cyclicRandom05 cyclicStrong01   cyclicWeak01 
        0.0000         0.0000         0.0000         0.0125         0.0080 
cyclicRandom01 
        0.0095 
         ttest             FL          PRegs      PRegsCoef           perm 
        0.0210         0.0005         0.0000         0.0000         0.0015 
cyclicStrong05   cyclicWeak05 cyclicRandom05 cyclicStrong01   cyclicWeak01 
        0.0000         0.0000         0.0000         0.0000         0.0000 
cyclicRandom01 
        0.0000 
[1] "#########3############"
