Cauchy 	 gaussian 	 2 	 0.9[1] "#########1############"
  Normal Bootstrap Inversion
1 0.9395    0.9575    0.9455
[1] "#########2############"
  Normal Bootstrap Inversion
2 0.9505    0.9215     0.952
[1] "#########3############"
  Normal Bootstrap Inversion
3  0.951     0.915    0.9525
[1] "#########4############"
  Normal Bootstrap Inversion
4 0.9505    0.9645     0.952
[1] "#########5############"
  Normal Bootstrap Inversion
5 0.9565    0.9275      0.96
[1] "#########6############"
  Normal Bootstrap Inversion
6  0.951      0.92    0.9515
[1] "#########7############"
  Normal Bootstrap Inversion
7 0.9495     0.913     0.952
[1] "#########8############"
  Normal Bootstrap Inversion
8 0.9445     0.888    0.9475
[1] "#########9############"
  Normal Bootstrap Inversion
9 0.9465    0.9795     0.949
[1] "#########10############"
   Normal Bootstrap Inversion
10  0.944    0.9355    0.9475
