sample size 100 
num of features in Z 2 
design AnovaUnbalance 
noise/error cauchy 
signal/power 0 
[1] "#########1############"
         ttest             FL          PRegs      PRegsCoef           perm 
        0.0290         0.0455         0.0405         0.0410         0.0430 
cyclicStrong05   cyclicWeak05 cyclicRandom05 cyclicStrong01   cyclicWeak01 
        0.0530         0.0500         0.0430         0.0465         0.0415 
cyclicRandom01 
        0.0435 
         ttest             FL          PRegs      PRegsCoef           perm 
        0.0190         0.0085         0.0000         0.0000         0.0025 
cyclicStrong05   cyclicWeak05 cyclicRandom05 cyclicStrong01   cyclicWeak01 
        0.0000         0.0000         0.0000         0.0100         0.0065 
cyclicRandom01 
        0.0060 
         ttest             FL          PRegs      PRegsCoef           perm 
        0.0115         0.0005         0.0000         0.0000         0.0000 
cyclicStrong05   cyclicWeak05 cyclicRandom05 cyclicStrong01   cyclicWeak01 
        0.0000         0.0000         0.0000         0.0000         0.0000 
cyclicRandom01 
        0.0000 
[1] "#########2############"
         ttest             FL          PRegs      PRegsCoef           perm 
        0.0340         0.0475         0.0460         0.0430         0.0455 
cyclicStrong05   cyclicWeak05 cyclicRandom05 cyclicStrong01   cyclicWeak01 
        0.0550         0.0550         0.0480         0.0435         0.0435 
cyclicRandom01 
        0.0425 
         ttest             FL          PRegs      PRegsCoef           perm 
        0.0230         0.0075         0.0000         0.0000         0.0020 
cyclicStrong05   cyclicWeak05 cyclicRandom05 cyclicStrong01   cyclicWeak01 
        0.0000         0.0000         0.0000         0.0095         0.0095 
cyclicRandom01 
        0.0090 
         ttest             FL          PRegs      PRegsCoef           perm 
        0.0195         0.0010         0.0000         0.0000         0.0000 
cyclicStrong05   cyclicWeak05 cyclicRandom05 cyclicStrong01   cyclicWeak01 
        0.0000         0.0000         0.0000         0.0000         0.0000 
cyclicRandom01 
        0.0000 
[1] "#########3############"
