sample size 100 
num of features in Z 5 
design Gaussian 
noise/error cauchy 
signal/power 0 
[1] "#########1############"
         ttest             FL          PRegs      PRegsCoef           perm 
        0.0475         0.0460         0.0380         0.0365         0.0455 
cyclicStrong05   cyclicWeak05 cyclicRandom05 cyclicStrong01   cyclicWeak01 
        0.0470         0.0535         0.0565         0.0510         0.0500 
cyclicRandom01 
        0.0545 
         ttest             FL          PRegs      PRegsCoef           perm 
        0.0035         0.0080         0.0035         0.0040         0.0065 
cyclicStrong05   cyclicWeak05 cyclicRandom05 cyclicStrong01   cyclicWeak01 
        0.0000         0.0000         0.0000         0.0095         0.0105 
cyclicRandom01 
        0.0075 
         ttest             FL          PRegs      PRegsCoef           perm 
        0.0010         0.0015         0.0005         0.0005         0.0015 
cyclicStrong05   cyclicWeak05 cyclicRandom05 cyclicStrong01   cyclicWeak01 
        0.0000         0.0000         0.0000         0.0000         0.0000 
cyclicRandom01 
        0.0000 
[1] "#########2############"
         ttest             FL          PRegs      PRegsCoef           perm 
        0.0490         0.0430         0.0330         0.0340         0.0490 
cyclicStrong05   cyclicWeak05 cyclicRandom05 cyclicStrong01   cyclicWeak01 
        0.0455         0.0440         0.0525         0.0480         0.0520 
cyclicRandom01 
        0.0500 
         ttest             FL          PRegs      PRegsCoef           perm 
        0.0090         0.0085         0.0075         0.0070         0.0085 
cyclicStrong05   cyclicWeak05 cyclicRandom05 cyclicStrong01   cyclicWeak01 
        0.0000         0.0000         0.0000         0.0105         0.0110 
cyclicRandom01 
        0.0080 
         ttest             FL          PRegs      PRegsCoef           perm 
         5e-04          0e+00          0e+00          0e+00          5e-04 
cyclicStrong05   cyclicWeak05 cyclicRandom05 cyclicStrong01   cyclicWeak01 
         0e+00          0e+00          0e+00          0e+00          0e+00 
cyclicRandom01 
         0e+00 
[1] "#########3############"
