AnovaBalance 	 cauchy 	 6 	 0[1] "#########1############"
  Normal Bootstrap Inversion
1 0.9375        NA    0.9565
[1] "#########2############"
  Normal Bootstrap Inversion
2 0.9405       0.8     0.961
[1] "#########3############"
  Normal Bootstrap Inversion
3  0.943        NA     0.961
[1] "#########4############"
  Normal Bootstrap Inversion
4 0.9385        NA     0.956
[1] "#########5############"
  Normal Bootstrap Inversion
5 0.9475        NA     0.967
[1] "#########6############"
  Normal Bootstrap Inversion
6 0.9525        NA    0.9665
[1] "#########7############"
  Normal Bootstrap Inversion
7 0.9445        NA     0.961
[1] "#########8############"
  Normal Bootstrap Inversion
8 0.9445        NA     0.964
[1] "#########9############"
  Normal Bootstrap Inversion
9  0.941        NA    0.9605
[1] "#########10############"
   Normal Bootstrap Inversion
10   0.94     0.788     0.958
