sample size 100 
num of features in Z 2 
design Cauchy 
noise/error gaussian 
signal/power 0 
[1] "#########1############"
         ttest             FL          PRegs      PRegsCoef           perm 
        0.0535         0.0545         0.0510         0.0480         0.0530 
cyclicStrong05   cyclicWeak05 cyclicRandom05 cyclicStrong01   cyclicWeak01 
        0.0430         0.0510         0.0470         0.0360         0.0515 
cyclicRandom01 
        0.0525 
         ttest             FL          PRegs      PRegsCoef           perm 
        0.0080         0.0090         0.0035         0.0050         0.0070 
cyclicStrong05   cyclicWeak05 cyclicRandom05 cyclicStrong01   cyclicWeak01 
        0.0000         0.0000         0.0000         0.0085         0.0070 
cyclicRandom01 
        0.0110 
         ttest             FL          PRegs      PRegsCoef           perm 
         5e-04          5e-04          5e-04          0e+00          5e-04 
cyclicStrong05   cyclicWeak05 cyclicRandom05 cyclicStrong01   cyclicWeak01 
         0e+00          0e+00          0e+00          0e+00          0e+00 
cyclicRandom01 
         0e+00 
[1] "#########2############"
         ttest             FL          PRegs      PRegsCoef           perm 
        0.0475         0.0445         0.0410         0.0430         0.0465 
cyclicStrong05   cyclicWeak05 cyclicRandom05 cyclicStrong01   cyclicWeak01 
        0.0535         0.0545         0.0500         0.0435         0.0440 
cyclicRandom01 
        0.0530 
         ttest             FL          PRegs      PRegsCoef           perm 
        0.0065         0.0065         0.0050         0.0055         0.0070 
cyclicStrong05   cyclicWeak05 cyclicRandom05 cyclicStrong01   cyclicWeak01 
        0.0000         0.0000         0.0000         0.0105         0.0055 
cyclicRandom01 
        0.0095 
         ttest             FL          PRegs      PRegsCoef           perm 
        0.0015         0.0010         0.0000         0.0005         0.0015 
cyclicStrong05   cyclicWeak05 cyclicRandom05 cyclicStrong01   cyclicWeak01 
        0.0000         0.0000         0.0000         0.0000         0.0000 
cyclicRandom01 
        0.0000 
[1] "#########3############"
