sample size 100 
num of features in Z 5 
design AnovaUnbalance 
noise/error exponential 
signal/power 0.9 
[1] "#########1############"
         ttest             FL          PRegs      PRegsCoef           perm 
        0.9645         0.8940         0.2390         0.2440         0.8780 
cyclicStrong05   cyclicWeak05 cyclicRandom05 cyclicStrong01   cyclicWeak01 
        0.7135         0.0525         0.7210         0.0310         0.0370 
cyclicRandom01 
        0.0405 
         ttest             FL          PRegs      PRegsCoef           perm 
        0.7200         0.1155         0.0000         0.0000         0.1265 
cyclicStrong05   cyclicWeak05 cyclicRandom05 cyclicStrong01   cyclicWeak01 
        0.0000         0.0000         0.0000         0.0030         0.0060 
cyclicRandom01 
        0.0085 
         ttest             FL          PRegs      PRegsCoef           perm 
        0.3705         0.0000         0.0000         0.0000         0.0000 
cyclicStrong05   cyclicWeak05 cyclicRandom05 cyclicStrong01   cyclicWeak01 
        0.0000         0.0000         0.0000         0.0000         0.0000 
cyclicRandom01 
        0.0000 
[1] "#########2############"
