sample size 100 
num of features in Z 5 
design Cauchy 
noise/error gaussian 
signal/power 0.9 
[1] "#########1############"
         ttest             FL          PRegs      PRegsCoef           perm 
        0.8990         0.8965         0.8615         0.8640         0.8970 
cyclicStrong05   cyclicWeak05 cyclicRandom05 cyclicStrong01   cyclicWeak01 
        0.2655         0.1050         0.1700         0.0375         0.0520 
cyclicRandom01 
        0.0485 
         ttest             FL          PRegs      PRegsCoef           perm 
        0.7335         0.7140         0.3530         0.3555         0.7220 
cyclicStrong05   cyclicWeak05 cyclicRandom05 cyclicStrong01   cyclicWeak01 
        0.0000         0.0000         0.0000         0.0090         0.0085 
cyclicRandom01 
        0.0135 
         ttest             FL          PRegs      PRegsCoef           perm 
        0.4470         0.2750         0.0015         0.0025         0.3150 
cyclicStrong05   cyclicWeak05 cyclicRandom05 cyclicStrong01   cyclicWeak01 
        0.0000         0.0000         0.0000         0.0000         0.0000 
cyclicRandom01 
        0.0000 
[1] "#########2############"
         ttest             FL          PRegs      PRegsCoef           perm 
        0.8915         0.8905         0.8745         0.8755         0.8845 
cyclicStrong05   cyclicWeak05 cyclicRandom05 cyclicStrong01   cyclicWeak01 
        0.1065         0.1065         0.1130         0.0915         0.0915 
cyclicRandom01 
        0.0560 
         ttest             FL          PRegs      PRegsCoef           perm 
        0.7360         0.7240         0.6430         0.6435         0.6250 
cyclicStrong05   cyclicWeak05 cyclicRandom05 cyclicStrong01   cyclicWeak01 
        0.0000         0.0000         0.0000         0.0235         0.0235 
cyclicRandom01 
        0.0175 
         ttest             FL          PRegs      PRegsCoef           perm 
        0.4480         0.4045         0.1150         0.1025         0.0760 
cyclicStrong05   cyclicWeak05 cyclicRandom05 cyclicStrong01   cyclicWeak01 
        0.0000         0.0000         0.0000         0.0000         0.0000 
cyclicRandom01 
        0.0000 
[1] "#########3############"
