AnovaBalance 	 gaussian 	 2 	 0.9[1] "#########1############"
  Normal Bootstrap Inversion
1  0.949     0.922    0.9505
[1] "#########2############"
  Normal Bootstrap Inversion
2  0.947     0.922      0.95
[1] "#########3############"
  Normal Bootstrap Inversion
3 0.9505     0.926    0.9535
[1] "#########4############"
  Normal Bootstrap Inversion
4   0.95    0.9255     0.951
[1] "#########5############"
  Normal Bootstrap Inversion
5  0.939    0.9145    0.9425
[1] "#########6############"
  Normal Bootstrap Inversion
6 0.9565    0.9275     0.961
[1] "#########7############"
  Normal Bootstrap Inversion
7  0.945     0.921    0.9505
[1] "#########8############"
  Normal Bootstrap Inversion
8 0.9505    0.9205    0.9515
[1] "#########9############"
  Normal Bootstrap Inversion
9  0.947    0.9195    0.9495
[1] "#########10############"
   Normal Bootstrap Inversion
10 0.9395    0.9215    0.9455
