sample size 500 
num of features in Z 2 
design AnovaBalance 
noise/error cauchy 
signal/power 0 
[1] "#########1############"
         ttest             FL          PRegs      PRegsCoef           perm 
        0.0220         0.0415         0.0405         0.0400         0.0355 
cyclicStrong05   cyclicWeak05 cyclicRandom05 cyclicStrong01   cyclicWeak01 
        0.0545         0.0420         0.0445         0.0465         0.0495 
cyclicRandom01 
        0.0455 
         ttest             FL          PRegs      PRegsCoef           perm 
        0.0030         0.0105         0.0095         0.0090         0.0085 
cyclicStrong05   cyclicWeak05 cyclicRandom05 cyclicStrong01   cyclicWeak01 
        0.0000         0.0000         0.0000         0.0110         0.0050 
cyclicRandom01 
        0.0105 
         ttest             FL          PRegs      PRegsCoef           perm 
         0e+00          1e-03          0e+00          0e+00          5e-04 
cyclicStrong05   cyclicWeak05 cyclicRandom05 cyclicStrong01   cyclicWeak01 
         0e+00          0e+00          0e+00          0e+00          0e+00 
cyclicRandom01 
         0e+00 
[1] "#########2############"
