AnovaBalance 	 cauchy 	 2 	 0.7[1] "#########1############"
  Normal Bootstrap Inversion
1  0.979     0.806    0.9635
[1] "#########2############"
  Normal Bootstrap Inversion
2  0.975    0.8005    0.9625
[1] "#########3############"
  Normal Bootstrap Inversion
3  0.975    0.8045    0.9625
[1] "#########4############"
  Normal Bootstrap Inversion
4 0.9735     0.775     0.957
[1] "#########5############"
  Normal Bootstrap Inversion
5  0.973     0.801     0.958
[1] "#########6############"
  Normal Bootstrap Inversion
6  0.972     0.798     0.957
[1] "#########7############"
  Normal Bootstrap Inversion
7 0.9785    0.8045    0.9645
[1] "#########8############"
  Normal Bootstrap Inversion
8 0.9725     0.785     0.962
[1] "#########9############"
  Normal Bootstrap Inversion
9 0.9715     0.793    0.9595
[1] "#########10############"
   Normal Bootstrap Inversion
10 0.9715     0.804     0.962
