Gaussian 	 cauchy 	 16 	 0.7[1] "#########1############"
  Normal Bootstrap Inversion
1  0.952    0.8945    0.9815
[1] "#########2############"
  Normal Bootstrap Inversion
2 0.9485    0.8875    0.9885
[1] "#########3############"
  Normal Bootstrap Inversion
3  0.955     0.895    0.9835
[1] "#########4############"
  Normal Bootstrap Inversion
4  0.953    0.8955    0.9795
[1] "#########5############"
  Normal Bootstrap Inversion
5  0.951     0.894     0.986
[1] "#########6############"
  Normal Bootstrap Inversion
6  0.956     0.899     0.978
[1] "#########7############"
  Normal Bootstrap Inversion
7  0.952    0.8785    0.9845
[1] "#########8############"
  Normal Bootstrap Inversion
8  0.951    0.8845     0.985
[1] "#########9############"
  Normal Bootstrap Inversion
9   0.94     0.879    0.9755
[1] "#########10############"
   Normal Bootstrap Inversion
10 0.9535    0.8915     0.981
