Gaussian 	 cauchy 	 6 	 0[1] "#########1############"
  Normal Bootstrap Inversion
1   0.96     0.849     0.969
[1] "#########2############"
  Normal Bootstrap Inversion
2 0.9495    0.8365    0.9595
[1] "#########3############"
  Normal Bootstrap Inversion
3 0.9445    0.8515    0.9585
[1] "#########4############"
  Normal Bootstrap Inversion
4 0.9555    0.8445    0.9645
[1] "#########5############"
  Normal Bootstrap Inversion
5  0.945    0.8405     0.956
[1] "#########6############"
  Normal Bootstrap Inversion
6 0.9705     0.844    0.9745
[1] "#########7############"
  Normal Bootstrap Inversion
7  0.941     0.842     0.961
[1] "#########8############"
  Normal Bootstrap Inversion
8  0.953    0.8495     0.964
[1] "#########9############"
  Normal Bootstrap Inversion
9  0.948     0.835     0.958
[1] "#########10############"
   Normal Bootstrap Inversion
10  0.956    0.8465     0.962
