Paired 	 cauchy 	 2 	 0.7[1] "#########1############"
  Normal Bootstrap Inversion
1  0.941        NA    0.9605
[1] "#########2############"
  Normal Bootstrap Inversion
2  0.946        NA    0.9575
[1] "#########3############"
  Normal Bootstrap Inversion
3 0.9535        NA     0.961
[1] "#########4############"
  Normal Bootstrap Inversion
4 0.9575        NA    0.9665
[1] "#########5############"
  Normal Bootstrap Inversion
5 0.9535        NA     0.959
[1] "#########6############"
  Normal Bootstrap Inversion
6 0.9395        NA    0.9555
[1] "#########7############"
  Normal Bootstrap Inversion
7  0.948        NA     0.962
[1] "#########8############"
  Normal Bootstrap Inversion
8 0.9455        NA     0.965
[1] "#########9############"
  Normal Bootstrap Inversion
9  0.945        NA     0.952
[1] "#########10############"
   Normal Bootstrap Inversion
10  0.958        NA    0.9665
