Paired 	 cauchy 	 16 	 0.7[1] "#########1############"
  Normal Bootstrap Inversion
1 0.9385        NA         1
[1] "#########2############"
  Normal Bootstrap Inversion
2  0.942        NA         1
[1] "#########3############"
  Normal Bootstrap Inversion
3  0.948        NA         1
[1] "#########4############"
  Normal Bootstrap Inversion
4 0.9525        NA         1
[1] "#########5############"
  Normal Bootstrap Inversion
5  0.951        NA         1
[1] "#########6############"
  Normal Bootstrap Inversion
6 0.9425        NA         1
[1] "#########7############"
  Normal Bootstrap Inversion
7 0.9435        NA         1
[1] "#########8############"
  Normal Bootstrap Inversion
8 0.9435        NA         1
[1] "#########9############"
  Normal Bootstrap Inversion
9  0.948        NA         1
[1] "#########10############"
   Normal Bootstrap Inversion
10  0.949        NA         1
