sample size 100 
num of features in Z 5 
design Gaussian 
noise/error exponential 
signal/power 0.9 
[1] "#########1############"
         ttest             FL          PRegs      PRegsCoef           perm 
        0.8885         0.8855         0.8720         0.8765         0.8870 
cyclicStrong05   cyclicWeak05 cyclicRandom05 cyclicStrong01   cyclicWeak01 
        0.1145         0.1375         0.1620         0.0785         0.0385 
cyclicRandom01 
        0.0365 
         ttest             FL          PRegs      PRegsCoef           perm 
        0.7465         0.7455         0.7115         0.7055         0.7420 
cyclicStrong05   cyclicWeak05 cyclicRandom05 cyclicStrong01   cyclicWeak01 
        0.0000         0.0000         0.0000         0.0200         0.0075 
cyclicRandom01 
        0.0050 
         ttest             FL          PRegs      PRegsCoef           perm 
        0.4910         0.4790         0.4085         0.4135         0.4725 
cyclicStrong05   cyclicWeak05 cyclicRandom05 cyclicStrong01   cyclicWeak01 
        0.0000         0.0000         0.0000         0.0000         0.0000 
cyclicRandom01 
        0.0000 
[1] "#########2############"
         ttest             FL          PRegs      PRegsCoef           perm 
        0.8995         0.9015         0.8860         0.8890         0.9010 
cyclicStrong05   cyclicWeak05 cyclicRandom05 cyclicStrong01   cyclicWeak01 
        0.0910         0.1735         0.0780         0.0410         0.0465 
cyclicRandom01 
        0.0630 
         ttest             FL          PRegs      PRegsCoef           perm 
        0.7500         0.7455         0.7150         0.7095         0.7410 
cyclicStrong05   cyclicWeak05 cyclicRandom05 cyclicStrong01   cyclicWeak01 
        0.0000         0.0000         0.0000         0.0130         0.0095 
cyclicRandom01 
        0.0110 
         ttest             FL          PRegs      PRegsCoef           perm 
        0.4710         0.4545         0.3840         0.3855         0.4465 
cyclicStrong05   cyclicWeak05 cyclicRandom05 cyclicStrong01   cyclicWeak01 
        0.0000         0.0000         0.0000         0.0000         0.0000 
cyclicRandom01 
        0.0000 
[1] "#########3############"
