Cauchy 	 cauchy 	 16 	 0.9[1] "#########1############"
  Normal Bootstrap Inversion
1  0.961    0.9805     0.971
[1] "#########2############"
  Normal Bootstrap Inversion
2  0.939    0.9345    0.9795
[1] "#########3############"
  Normal Bootstrap Inversion
3 0.9405    0.9515     0.986
[1] "#########4############"
  Normal Bootstrap Inversion
4 0.9485    0.9615     0.973
[1] "#########5############"
  Normal Bootstrap Inversion
5   0.94    0.9275     0.975
[1] "#########6############"
  Normal Bootstrap Inversion
6  0.961     0.965     0.971
[1] "#########7############"
  Normal Bootstrap Inversion
7 0.9355    0.9355    0.9735
[1] "#########8############"
  Normal Bootstrap Inversion
8  0.972     0.998    0.9795
[1] "#########9############"
  Normal Bootstrap Inversion
9 0.9575    0.9515    0.9815
[1] "#########10############"
   Normal Bootstrap Inversion
10 0.9385    0.9425     0.977
