sample size 100 
num of features in Z 5 
design AnovaUnbalance 
noise/error gaussian 
signal/power 0 
[1] "#########1############"
         ttest             FL          PRegs      PRegsCoef           perm 
        0.0450         0.0365         0.0115         0.0115         0.0395 
cyclicStrong05   cyclicWeak05 cyclicRandom05 cyclicStrong01   cyclicWeak01 
        0.0485         0.0530         0.0565         0.0390         0.0485 
cyclicRandom01 
        0.0390 
         ttest             FL          PRegs      PRegsCoef           perm 
        0.0075         0.0050         0.0000         0.0000         0.0045 
cyclicStrong05   cyclicWeak05 cyclicRandom05 cyclicStrong01   cyclicWeak01 
        0.0000         0.0000         0.0000         0.0050         0.0130 
cyclicRandom01 
        0.0065 
         ttest             FL          PRegs      PRegsCoef           perm 
         5e-04          0e+00          0e+00          0e+00          0e+00 
cyclicStrong05   cyclicWeak05 cyclicRandom05 cyclicStrong01   cyclicWeak01 
         0e+00          0e+00          0e+00          0e+00          0e+00 
cyclicRandom01 
         0e+00 
[1] "#########2############"
         ttest             FL          PRegs      PRegsCoef           perm 
        0.0545         0.0530         0.0110         0.0115         0.0555 
cyclicStrong05   cyclicWeak05 cyclicRandom05 cyclicStrong01   cyclicWeak01 
        0.0490         0.0495         0.0545         0.0360         0.0355 
cyclicRandom01 
        0.0370 
         ttest             FL          PRegs      PRegsCoef           perm 
        0.0125         0.0035         0.0000         0.0000         0.0035 
cyclicStrong05   cyclicWeak05 cyclicRandom05 cyclicStrong01   cyclicWeak01 
        0.0000         0.0000         0.0000         0.0065         0.0065 
cyclicRandom01 
        0.0035 
         ttest             FL          PRegs      PRegsCoef           perm 
        0.0015         0.0000         0.0000         0.0000         0.0000 
cyclicStrong05   cyclicWeak05 cyclicRandom05 cyclicStrong01   cyclicWeak01 
        0.0000         0.0000         0.0000         0.0000         0.0000 
cyclicRandom01 
        0.0000 
[1] "#########3############"
