sample size 100 
num of features in Z 2 
design AnovaUnbalance 
noise/error exponential 
signal/power 0 
[1] "#########1############"
         ttest             FL          PRegs      PRegsCoef           perm 
        0.0485         0.0500         0.0380         0.0380         0.0410 
cyclicStrong05   cyclicWeak05 cyclicRandom05 cyclicStrong01   cyclicWeak01 
        0.0445         0.0485         0.0455         0.0410         0.0405 
cyclicRandom01 
        0.0405 
         ttest             FL          PRegs      PRegsCoef           perm 
        0.0235         0.0085         0.0005         0.0000         0.0050 
cyclicStrong05   cyclicWeak05 cyclicRandom05 cyclicStrong01   cyclicWeak01 
        0.0000         0.0000         0.0000         0.0090         0.0075 
cyclicRandom01 
        0.0050 
         ttest             FL          PRegs      PRegsCoef           perm 
         0.013          0.000          0.000          0.000          0.000 
cyclicStrong05   cyclicWeak05 cyclicRandom05 cyclicStrong01   cyclicWeak01 
         0.000          0.000          0.000          0.000          0.000 
cyclicRandom01 
         0.000 
[1] "#########2############"
         ttest             FL          PRegs      PRegsCoef           perm 
        0.0535         0.0495         0.0400         0.0385         0.0475 
cyclicStrong05   cyclicWeak05 cyclicRandom05 cyclicStrong01   cyclicWeak01 
        0.0455         0.0455         0.0440         0.0295         0.0295 
cyclicRandom01 
        0.0470 
         ttest             FL          PRegs      PRegsCoef           perm 
        0.0300         0.0085         0.0000         0.0000         0.0045 
cyclicStrong05   cyclicWeak05 cyclicRandom05 cyclicStrong01   cyclicWeak01 
        0.0000         0.0000         0.0000         0.0035         0.0035 
cyclicRandom01 
        0.0100 
         ttest             FL          PRegs      PRegsCoef           perm 
         0.014          0.000          0.000          0.000          0.000 
cyclicStrong05   cyclicWeak05 cyclicRandom05 cyclicStrong01   cyclicWeak01 
         0.000          0.000          0.000          0.000          0.000 
cyclicRandom01 
         0.000 
[1] "#########3############"
