sample size 100 
num of features in Z 5 
design Gaussian 
noise/error gaussian 
signal/power 0.9 
[1] "#########1############"
         ttest             FL          PRegs      PRegsCoef           perm 
        0.9090         0.9070         0.8950         0.8965         0.9060 
cyclicStrong05   cyclicWeak05 cyclicRandom05 cyclicStrong01   cyclicWeak01 
        0.1275         0.1580         0.1880         0.0560         0.0460 
cyclicRandom01 
        0.0465 
         ttest             FL          PRegs      PRegsCoef           perm 
        0.7530         0.7500         0.7065         0.7090         0.7445 
cyclicStrong05   cyclicWeak05 cyclicRandom05 cyclicStrong01   cyclicWeak01 
        0.0000         0.0000         0.0000         0.0160         0.0090 
cyclicRandom01 
        0.0100 
         ttest             FL          PRegs      PRegsCoef           perm 
        0.4500         0.4200         0.3510         0.3545         0.4285 
cyclicStrong05   cyclicWeak05 cyclicRandom05 cyclicStrong01   cyclicWeak01 
        0.0000         0.0000         0.0000         0.0000         0.0000 
cyclicRandom01 
        0.0000 
[1] "#########2############"
         ttest             FL          PRegs      PRegsCoef           perm 
        0.9045         0.9025         0.8900         0.8910         0.9060 
cyclicStrong05   cyclicWeak05 cyclicRandom05 cyclicStrong01   cyclicWeak01 
        0.1615         0.1520         0.1500         0.0630         0.0395 
cyclicRandom01 
        0.0600 
         ttest             FL          PRegs      PRegsCoef           perm 
        0.7400         0.7375         0.6955         0.6875         0.7340 
cyclicStrong05   cyclicWeak05 cyclicRandom05 cyclicStrong01   cyclicWeak01 
        0.0000         0.0000         0.0000         0.0150         0.0085 
cyclicRandom01 
        0.0120 
         ttest             FL          PRegs      PRegsCoef           perm 
        0.4420         0.4210         0.3645         0.3585         0.4120 
cyclicStrong05   cyclicWeak05 cyclicRandom05 cyclicStrong01   cyclicWeak01 
        0.0000         0.0000         0.0000         0.0000         0.0000 
cyclicRandom01 
        0.0000 
[1] "#########3############"
