sample size 100 
num of features in Z 5 
design Cauchy 
noise/error multinomial 
signal/power 0 
[1] "#########1############"
         ttest             FL          PRegs      PRegsCoef           perm 
        0.0285         0.0525         0.0435         0.0405         0.0510 
cyclicStrong05   cyclicWeak05 cyclicRandom05 cyclicStrong01   cyclicWeak01 
        0.0485         0.0445         0.0450         0.0540         0.0480 
cyclicRandom01 
        0.0415 
         ttest             FL          PRegs      PRegsCoef           perm 
        0.0215         0.0135         0.0125         0.0135         0.0135 
cyclicStrong05   cyclicWeak05 cyclicRandom05 cyclicStrong01   cyclicWeak01 
        0.0000         0.0000         0.0000         0.0080         0.0070 
cyclicRandom01 
        0.0095 
         ttest             FL          PRegs      PRegsCoef           perm 
        0.0135         0.0000         0.0000         0.0000         0.0000 
cyclicStrong05   cyclicWeak05 cyclicRandom05 cyclicStrong01   cyclicWeak01 
        0.0000         0.0000         0.0000         0.0000         0.0000 
cyclicRandom01 
        0.0000 
[1] "#########2############"
         ttest             FL          PRegs      PRegsCoef           perm 
        0.0210         0.0505         0.0300         0.0315         0.0500 
cyclicStrong05   cyclicWeak05 cyclicRandom05 cyclicStrong01   cyclicWeak01 
        0.0615         0.0505         0.0490         0.0570         0.0495 
cyclicRandom01 
        0.0485 
         ttest             FL          PRegs      PRegsCoef           perm 
        0.0095         0.0095         0.0095         0.0095         0.0095 
cyclicStrong05   cyclicWeak05 cyclicRandom05 cyclicStrong01   cyclicWeak01 
        0.0000         0.0000         0.0000         0.0090         0.0100 
cyclicRandom01 
        0.0085 
         ttest             FL          PRegs      PRegsCoef           perm 
        0.0095         0.0000         0.0000         0.0000         0.0000 
cyclicStrong05   cyclicWeak05 cyclicRandom05 cyclicStrong01   cyclicWeak01 
        0.0000         0.0000         0.0000         0.0000         0.0000 
cyclicRandom01 
        0.0000 
[1] "#########3############"
