sample size 100 
num of features in Z 2 
design Cauchy 
noise/error cauchy 
signal/power 0 
[1] "#########1############"
         ttest             FL          PRegs      PRegsCoef           perm 
        0.0425         0.0510         0.0485         0.0455         0.0515 
cyclicStrong05   cyclicWeak05 cyclicRandom05 cyclicStrong01   cyclicWeak01 
        0.0510         0.0500         0.0525         0.0485         0.0455 
cyclicRandom01 
        0.0380 
         ttest             FL          PRegs      PRegsCoef           perm 
        0.0265         0.0085         0.0085         0.0095         0.0080 
cyclicStrong05   cyclicWeak05 cyclicRandom05 cyclicStrong01   cyclicWeak01 
        0.0000         0.0000         0.0000         0.0090         0.0060 
cyclicRandom01 
        0.0070 
         ttest             FL          PRegs      PRegsCoef           perm 
        0.0175         0.0010         0.0005         0.0005         0.0010 
cyclicStrong05   cyclicWeak05 cyclicRandom05 cyclicStrong01   cyclicWeak01 
        0.0000         0.0000         0.0000         0.0000         0.0000 
cyclicRandom01 
        0.0000 
[1] "#########2############"
         ttest             FL          PRegs      PRegsCoef           perm 
        0.0535         0.0460         0.0445         0.0440         0.0480 
cyclicStrong05   cyclicWeak05 cyclicRandom05 cyclicStrong01   cyclicWeak01 
        0.0490         0.0495         0.0480         0.0485         0.0480 
cyclicRandom01 
        0.0435 
         ttest             FL          PRegs      PRegsCoef           perm 
        0.0340         0.0060         0.0040         0.0040         0.0060 
cyclicStrong05   cyclicWeak05 cyclicRandom05 cyclicStrong01   cyclicWeak01 
        0.0000         0.0000         0.0000         0.0080         0.0095 
cyclicRandom01 
        0.0060 
         ttest             FL          PRegs      PRegsCoef           perm 
        0.0230         0.0005         0.0005         0.0000         0.0005 
cyclicStrong05   cyclicWeak05 cyclicRandom05 cyclicStrong01   cyclicWeak01 
        0.0000         0.0000         0.0000         0.0000         0.0000 
cyclicRandom01 
        0.0000 
[1] "#########3############"
         ttest             FL          PRegs      PRegsCoef           perm 
        0.0665         0.0540         0.0505         0.0515         0.0585 
cyclicStrong05   cyclicWeak05 cyclicRandom05 cyclicStrong01   cyclicWeak01 
        0.0485         0.0515         0.0490         0.0530         0.0430 
cyclicRandom01 
        0.0520 
         ttest             FL          PRegs      PRegsCoef           perm 
        0.0365         0.0105         0.0100         0.0075         0.0110 
cyclicStrong05   cyclicWeak05 cyclicRandom05 cyclicStrong01   cyclicWeak01 
        0.0000         0.0000         0.0000         0.0090         0.0080 
cyclicRandom01 
        0.0120 
         ttest             FL          PRegs      PRegsCoef           perm 
        0.0165         0.0010         0.0005         0.0005         0.0010 
cyclicStrong05   cyclicWeak05 cyclicRandom05 cyclicStrong01   cyclicWeak01 
        0.0000         0.0000         0.0000         0.0000         0.0000 
cyclicRandom01 
        0.0000 
[1] "#########4############"
