sample size 100 
num of features in Z 2 
design AnovaUnbalance 
noise/error multinomial 
signal/power 0.9 
[1] "#########1############"
         ttest             FL          PRegs      PRegsCoef           perm 
        1.0000         1.0000         1.0000         1.0000         1.0000 
cyclicStrong05   cyclicWeak05 cyclicRandom05 cyclicStrong01   cyclicWeak01 
        0.0495         1.0000         1.0000         0.0000         1.0000 
cyclicRandom01 
        1.0000 
         ttest             FL          PRegs      PRegsCoef           perm 
        1.0000         1.0000         0.2045         0.2000         0.4885 
cyclicStrong05   cyclicWeak05 cyclicRandom05 cyclicStrong01   cyclicWeak01 
        0.0000         0.0000         0.0000         0.0000         1.0000 
cyclicRandom01 
        0.0040 
         ttest             FL          PRegs      PRegsCoef           perm 
         1.000          0.987          0.000          0.000          0.000 
cyclicStrong05   cyclicWeak05 cyclicRandom05 cyclicStrong01   cyclicWeak01 
         0.000          0.000          0.000          0.000          0.000 
cyclicRandom01 
         0.000 
[1] "#########2############"
