Gaussian 	 gaussian 	 2 	 0.3[1] "#########1############"
  Normal Bootstrap Inversion
1 0.9545    0.9215    0.9585
[1] "#########2############"
  Normal Bootstrap Inversion
2  0.951    0.9275     0.954
[1] "#########3############"
  Normal Bootstrap Inversion
3   0.95     0.927     0.954
[1] "#########4############"
  Normal Bootstrap Inversion
4   0.95     0.927    0.9555
[1] "#########5############"
  Normal Bootstrap Inversion
5  0.952     0.924     0.955
[1] "#########6############"
  Normal Bootstrap Inversion
6 0.9465    0.9205     0.951
[1] "#########7############"
  Normal Bootstrap Inversion
7  0.945    0.9105    0.9465
[1] "#########8############"
  Normal Bootstrap Inversion
8  0.942     0.911    0.9455
[1] "#########9############"
  Normal Bootstrap Inversion
9  0.949    0.9255     0.951
[1] "#########10############"
   Normal Bootstrap Inversion
10 0.9525     0.925    0.9535
