Paired 	 gaussian 	 2 	 0.3[1] "#########1############"
  Normal Bootstrap Inversion
1  0.952        NA    0.9525
[1] "#########2############"
  Normal Bootstrap Inversion
2  0.953        NA     0.957
[1] "#########3############"
  Normal Bootstrap Inversion
3 0.9595        NA     0.964
[1] "#########4############"
  Normal Bootstrap Inversion
4  0.943        NA    0.9475
[1] "#########5############"
  Normal Bootstrap Inversion
5 0.9505        NA    0.9525
[1] "#########6############"
  Normal Bootstrap Inversion
6  0.952        NA     0.957
[1] "#########7############"
  Normal Bootstrap Inversion
7  0.956        NA    0.9615
[1] "#########8############"
  Normal Bootstrap Inversion
8  0.947        NA     0.952
[1] "#########9############"
  Normal Bootstrap Inversion
9  0.953        NA    0.9575
[1] "#########10############"
   Normal Bootstrap Inversion
10 0.9505        NA     0.951
