sample size 100 
num of features in Z 2 
design AnovaBalance 
noise/error exponential 
signal/power 0 
[1] "#########1############"
         ttest             FL          PRegs      PRegsCoef           perm 
        0.0490         0.0500         0.0485         0.0500         0.0520 
cyclicStrong05   cyclicWeak05 cyclicRandom05 cyclicStrong01   cyclicWeak01 
        0.0545         0.0395         0.0535         0.0490         0.0465 
cyclicRandom01 
        0.0510 
         ttest             FL          PRegs      PRegsCoef           perm 
        0.0085         0.0095         0.0105         0.0075         0.0080 
cyclicStrong05   cyclicWeak05 cyclicRandom05 cyclicStrong01   cyclicWeak01 
        0.0000         0.0000         0.0000         0.0105         0.0080 
cyclicRandom01 
        0.0110 
         ttest             FL          PRegs      PRegsCoef           perm 
         5e-04          5e-04          1e-03          5e-04          5e-04 
cyclicStrong05   cyclicWeak05 cyclicRandom05 cyclicStrong01   cyclicWeak01 
         0e+00          0e+00          0e+00          0e+00          0e+00 
cyclicRandom01 
         0e+00 
[1] "#########2############"
         ttest             FL          PRegs      PRegsCoef           perm 
        0.0425         0.0420         0.0410         0.0400         0.0430 
cyclicStrong05   cyclicWeak05 cyclicRandom05 cyclicStrong01   cyclicWeak01 
        0.0365         0.0505         0.0540         0.0565         0.0525 
cyclicRandom01 
        0.0465 
         ttest             FL          PRegs      PRegsCoef           perm 
        0.0090         0.0095         0.0075         0.0090         0.0105 
cyclicStrong05   cyclicWeak05 cyclicRandom05 cyclicStrong01   cyclicWeak01 
        0.0000         0.0000         0.0000         0.0115         0.0110 
cyclicRandom01 
        0.0080 
         ttest             FL          PRegs      PRegsCoef           perm 
         0e+00          0e+00          0e+00          1e-03          5e-04 
cyclicStrong05   cyclicWeak05 cyclicRandom05 cyclicStrong01   cyclicWeak01 
         0e+00          0e+00          0e+00          0e+00          0e+00 
cyclicRandom01 
         0e+00 
[1] "#########3############"
