sample size 100 
num of features in Z 2 
design Cauchy 
noise/error multinomial 
signal/power 0.9 
[1] "#########1############"
         ttest             FL          PRegs      PRegsCoef           perm 
             1              1              1              1              1 
cyclicStrong05   cyclicWeak05 cyclicRandom05 cyclicStrong01   cyclicWeak01 
             1              1              1              0              0 
cyclicRandom01 
             0 
         ttest             FL          PRegs      PRegsCoef           perm 
             1              1              1              1              1 
cyclicStrong05   cyclicWeak05 cyclicRandom05 cyclicStrong01   cyclicWeak01 
             0              0              0              0              0 
cyclicRandom01 
             0 
         ttest             FL          PRegs      PRegsCoef           perm 
             1              1              1              1              1 
cyclicStrong05   cyclicWeak05 cyclicRandom05 cyclicStrong01   cyclicWeak01 
             0              0              0              0              0 
cyclicRandom01 
             0 
[1] "#########2############"
         ttest             FL          PRegs      PRegsCoef           perm 
        1.0000         1.0000         1.0000         1.0000         1.0000 
cyclicStrong05   cyclicWeak05 cyclicRandom05 cyclicStrong01   cyclicWeak01 
        1.0000         1.0000         1.0000         0.8265         1.0000 
cyclicRandom01 
        0.0000 
         ttest             FL          PRegs      PRegsCoef           perm 
             1              1              1              1              1 
cyclicStrong05   cyclicWeak05 cyclicRandom05 cyclicStrong01   cyclicWeak01 
             0              0              0              0              0 
cyclicRandom01 
             0 
         ttest             FL          PRegs      PRegsCoef           perm 
             1              1              1              1              1 
cyclicStrong05   cyclicWeak05 cyclicRandom05 cyclicStrong01   cyclicWeak01 
             0              0              0              0              0 
cyclicRandom01 
             0 
[1] "#########3############"
