Paired 	 cauchy 	 6 	 0.5[1] "#########1############"
  Normal Bootstrap Inversion
1 0.9385        NA     0.977
[1] "#########2############"
  Normal Bootstrap Inversion
2  0.937        NA     0.974
[1] "#########3############"
  Normal Bootstrap Inversion
3  0.945        NA    0.9755
[1] "#########4############"
  Normal Bootstrap Inversion
4  0.953        NA    0.9775
[1] "#########5############"
  Normal Bootstrap Inversion
5 0.9435        NA    0.9765
[1] "#########6############"
  Normal Bootstrap Inversion
6 0.9405        NA     0.977
[1] "#########7############"
  Normal Bootstrap Inversion
7  0.942        NA     0.969
[1] "#########8############"
  Normal Bootstrap Inversion
8   0.95        NA     0.975
[1] "#########9############"
  Normal Bootstrap Inversion
9  0.945        NA     0.972
[1] "#########10############"
   Normal Bootstrap Inversion
10  0.948        NA    0.9785
