sample size 100 
num of features in Z 2 
design AnovaUnbalance 
noise/error multinomial 
signal/power 0 
[1] "#########1############"
         ttest             FL          PRegs      PRegsCoef           perm 
        0.0105         0.0135         0.0435         0.0445         0.0440 
cyclicStrong05   cyclicWeak05 cyclicRandom05 cyclicStrong01   cyclicWeak01 
        0.0495         0.0545         0.0520         0.0420         0.0455 
cyclicRandom01 
        0.0360 
         ttest             FL          PRegs      PRegsCoef           perm 
        0.0105         0.0105         0.0005         0.0005         0.0040 
cyclicStrong05   cyclicWeak05 cyclicRandom05 cyclicStrong01   cyclicWeak01 
        0.0000         0.0000         0.0000         0.0090         0.0105 
cyclicRandom01 
        0.0000 
         ttest             FL          PRegs      PRegsCoef           perm 
        0.0105         0.0100         0.0000         0.0000         0.0000 
cyclicStrong05   cyclicWeak05 cyclicRandom05 cyclicStrong01   cyclicWeak01 
        0.0000         0.0000         0.0000         0.0000         0.0000 
cyclicRandom01 
        0.0000 
[1] "#########2############"
