sample size 100 
num of features in Z 2 
design Cauchy 
noise/error exponential 
signal/power 0 
[1] "#########1############"
         ttest             FL          PRegs      PRegsCoef           perm 
        0.0510         0.0490         0.0440         0.0465         0.0495 
cyclicStrong05   cyclicWeak05 cyclicRandom05 cyclicStrong01   cyclicWeak01 
        0.0515         0.0440         0.0460         0.0420         0.0365 
cyclicRandom01 
        0.0435 
         ttest             FL          PRegs      PRegsCoef           perm 
        0.0245         0.0105         0.0080         0.0085         0.0100 
cyclicStrong05   cyclicWeak05 cyclicRandom05 cyclicStrong01   cyclicWeak01 
        0.0000         0.0000         0.0000         0.0070         0.0045 
cyclicRandom01 
        0.0075 
         ttest             FL          PRegs      PRegsCoef           perm 
        0.0120         0.0005         0.0000         0.0000         0.0005 
cyclicStrong05   cyclicWeak05 cyclicRandom05 cyclicStrong01   cyclicWeak01 
        0.0000         0.0000         0.0000         0.0000         0.0000 
cyclicRandom01 
        0.0000 
[1] "#########2############"
         ttest             FL          PRegs      PRegsCoef           perm 
        0.0555         0.0510         0.0475         0.0465         0.0515 
cyclicStrong05   cyclicWeak05 cyclicRandom05 cyclicStrong01   cyclicWeak01 
        0.0430         0.0435         0.0465         0.0505         0.0470 
cyclicRandom01 
        0.0415 
         ttest             FL          PRegs      PRegsCoef           perm 
        0.0275         0.0110         0.0075         0.0085         0.0115 
cyclicStrong05   cyclicWeak05 cyclicRandom05 cyclicStrong01   cyclicWeak01 
        0.0000         0.0000         0.0000         0.0130         0.0105 
cyclicRandom01 
        0.0115 
         ttest             FL          PRegs      PRegsCoef           perm 
        0.0125         0.0000         0.0010         0.0000         0.0000 
cyclicStrong05   cyclicWeak05 cyclicRandom05 cyclicStrong01   cyclicWeak01 
        0.0000         0.0000         0.0000         0.0000         0.0000 
cyclicRandom01 
        0.0000 
[1] "#########3############"
