sample size 500 
num of features in Z 2 
design Gaussian 
noise/error cauchy 
signal/power 0 
[1] "#########1############"
         ttest             FL          PRegs      PRegsCoef           perm 
        0.0455         0.0440         0.0435         0.0415         0.0445 
cyclicStrong05   cyclicWeak05 cyclicRandom05 cyclicStrong01   cyclicWeak01 
        0.0450         0.0470         0.0410         0.0515         0.0505 
cyclicRandom01 
        0.0420 
         ttest             FL          PRegs      PRegsCoef           perm 
        0.0095         0.0095         0.0085         0.0090         0.0100 
cyclicStrong05   cyclicWeak05 cyclicRandom05 cyclicStrong01   cyclicWeak01 
        0.0000         0.0000         0.0000         0.0110         0.0090 
cyclicRandom01 
        0.0110 
         ttest             FL          PRegs      PRegsCoef           perm 
        0.0020         0.0015         0.0015         0.0015         0.0020 
cyclicStrong05   cyclicWeak05 cyclicRandom05 cyclicStrong01   cyclicWeak01 
        0.0000         0.0000         0.0000         0.0000         0.0000 
cyclicRandom01 
        0.0000 
[1] "#########2############"
