sample size 500 
num of features in Z 2 
design Cauchy 
noise/error gaussian 
signal/power 0 
[1] "#########1############"
         ttest             FL          PRegs      PRegsCoef           perm 
        0.0455         0.0460         0.0470         0.0465         0.0470 
cyclicStrong05   cyclicWeak05 cyclicRandom05 cyclicStrong01   cyclicWeak01 
        0.0460         0.0460         0.0410         0.0460         0.0455 
cyclicRandom01 
        0.0495 
         ttest             FL          PRegs      PRegsCoef           perm 
        0.0095         0.0090         0.0090         0.0090         0.0090 
cyclicStrong05   cyclicWeak05 cyclicRandom05 cyclicStrong01   cyclicWeak01 
        0.0000         0.0000         0.0000         0.0080         0.0065 
cyclicRandom01 
        0.0080 
         ttest             FL          PRegs      PRegsCoef           perm 
        0.0005         0.0015         0.0020         0.0005         0.0020 
cyclicStrong05   cyclicWeak05 cyclicRandom05 cyclicStrong01   cyclicWeak01 
        0.0000         0.0000         0.0000         0.0000         0.0000 
cyclicRandom01 
        0.0000 
[1] "#########2############"
