Cauchy 	 gaussian 	 16 	 0.7[1] "#########1############"
  Normal Bootstrap Inversion
1   0.94    0.9585    0.9915
[1] "#########2############"
  Normal Bootstrap Inversion
2 0.9495    0.9385     0.982
[1] "#########3############"
  Normal Bootstrap Inversion
3   0.95     0.944    0.9805
[1] "#########4############"
  Normal Bootstrap Inversion
4 0.9495    0.9485    0.9835
[1] "#########5############"
  Normal Bootstrap Inversion
5  0.952     0.965      0.99
[1] "#########6############"
  Normal Bootstrap Inversion
6  0.943    0.9995    0.9825
[1] "#########7############"
  Normal Bootstrap Inversion
7 0.9545    0.9435     0.988
[1] "#########8############"
  Normal Bootstrap Inversion
8  0.947     0.924     0.979
[1] "#########9############"
  Normal Bootstrap Inversion
9 0.9475     0.993    0.9945
[1] "#########10############"
   Normal Bootstrap Inversion
10 0.9505    0.9695     0.984
