sample size 100 
num of features in Z 5 
design Cauchy 
noise/error exponential 
signal/power 0.9 
[1] "#########1############"
         ttest             FL          PRegs      PRegsCoef           perm 
        0.9325         0.9135         0.8540         0.8535         0.9140 
cyclicStrong05   cyclicWeak05 cyclicRandom05 cyclicStrong01   cyclicWeak01 
        0.0990         0.0825         0.0660         0.0570         0.0460 
cyclicRandom01 
        0.0460 
         ttest             FL          PRegs      PRegsCoef           perm 
        0.7410         0.4090         0.2380         0.2340         0.4165 
cyclicStrong05   cyclicWeak05 cyclicRandom05 cyclicStrong01   cyclicWeak01 
        0.0000         0.0000         0.0000         0.0180         0.0115 
cyclicRandom01 
        0.0070 
         ttest             FL          PRegs      PRegsCoef           perm 
        0.4075         0.1495         0.0015         0.0010         0.1675 
cyclicStrong05   cyclicWeak05 cyclicRandom05 cyclicStrong01   cyclicWeak01 
        0.0000         0.0000         0.0000         0.0000         0.0000 
cyclicRandom01 
        0.0000 
[1] "#########2############"
         ttest             FL          PRegs      PRegsCoef           perm 
        0.9045         0.8945         0.8715         0.8680         0.8960 
cyclicStrong05   cyclicWeak05 cyclicRandom05 cyclicStrong01   cyclicWeak01 
        0.2530         0.2615         0.3165         0.0550         0.0560 
cyclicRandom01 
        0.0735 
         ttest             FL          PRegs      PRegsCoef           perm 
        0.7535         0.6120         0.5395         0.5405         0.6215 
cyclicStrong05   cyclicWeak05 cyclicRandom05 cyclicStrong01   cyclicWeak01 
        0.0000         0.0000         0.0000         0.0120         0.0135 
cyclicRandom01 
        0.0125 
         ttest             FL          PRegs      PRegsCoef           perm 
        0.4560         0.2800         0.1515         0.1655         0.2825 
cyclicStrong05   cyclicWeak05 cyclicRandom05 cyclicStrong01   cyclicWeak01 
        0.0000         0.0000         0.0000         0.0000         0.0000 
cyclicRandom01 
        0.0000 
[1] "#########3############"
