sample size 100 
num of features in Z 2 
design Gaussian 
noise/error multinomial 
signal/power 0 
[1] "#########1############"
         ttest             FL          PRegs      PRegsCoef           perm 
        0.0685         0.0505         0.0510         0.0525         0.0515 
cyclicStrong05   cyclicWeak05 cyclicRandom05 cyclicStrong01   cyclicWeak01 
        0.0545         0.0485         0.0470         0.0570         0.0575 
cyclicRandom01 
        0.0520 
         ttest             FL          PRegs      PRegsCoef           perm 
        0.0000         0.0110         0.0045         0.0075         0.0110 
cyclicStrong05   cyclicWeak05 cyclicRandom05 cyclicStrong01   cyclicWeak01 
        0.0000         0.0000         0.0000         0.0095         0.0095 
cyclicRandom01 
        0.0100 
         ttest             FL          PRegs      PRegsCoef           perm 
             0              0              0              0              0 
cyclicStrong05   cyclicWeak05 cyclicRandom05 cyclicStrong01   cyclicWeak01 
             0              0              0              0              0 
cyclicRandom01 
             0 
[1] "#########2############"
         ttest             FL          PRegs      PRegsCoef           perm 
        0.0615         0.0540         0.0525         0.0535         0.0545 
cyclicStrong05   cyclicWeak05 cyclicRandom05 cyclicStrong01   cyclicWeak01 
        0.0510         0.0340         0.0475         0.0525         0.0555 
cyclicRandom01 
        0.0440 
         ttest             FL          PRegs      PRegsCoef           perm 
        0.0000         0.0060         0.0060         0.0050         0.0065 
cyclicStrong05   cyclicWeak05 cyclicRandom05 cyclicStrong01   cyclicWeak01 
        0.0000         0.0000         0.0000         0.0080         0.0160 
cyclicRandom01 
        0.0095 
         ttest             FL          PRegs      PRegsCoef           perm 
             0              0              0              0              0 
cyclicStrong05   cyclicWeak05 cyclicRandom05 cyclicStrong01   cyclicWeak01 
             0              0              0              0              0 
cyclicRandom01 
             0 
[1] "#########3############"
