sample size 100 
num of features in Z 2 
design Gaussian 
noise/error exponential 
signal/power 0 
[1] "#########1############"
         ttest             FL          PRegs      PRegsCoef           perm 
        0.0480         0.0485         0.0475         0.0465         0.0485 
cyclicStrong05   cyclicWeak05 cyclicRandom05 cyclicStrong01   cyclicWeak01 
        0.0510         0.0465         0.0470         0.0510         0.0455 
cyclicRandom01 
        0.0490 
         ttest             FL          PRegs      PRegsCoef           perm 
        0.0075         0.0095         0.0080         0.0080         0.0080 
cyclicStrong05   cyclicWeak05 cyclicRandom05 cyclicStrong01   cyclicWeak01 
        0.0000         0.0000         0.0000         0.0090         0.0090 
cyclicRandom01 
        0.0065 
         ttest             FL          PRegs      PRegsCoef           perm 
         5e-04          1e-03          5e-04          0e+00          5e-04 
cyclicStrong05   cyclicWeak05 cyclicRandom05 cyclicStrong01   cyclicWeak01 
         0e+00          0e+00          0e+00          0e+00          0e+00 
cyclicRandom01 
         0e+00 
[1] "#########2############"
         ttest             FL          PRegs      PRegsCoef           perm 
        0.0485         0.0475         0.0445         0.0470         0.0495 
cyclicStrong05   cyclicWeak05 cyclicRandom05 cyclicStrong01   cyclicWeak01 
        0.0555         0.0525         0.0560         0.0405         0.0445 
cyclicRandom01 
        0.0460 
         ttest             FL          PRegs      PRegsCoef           perm 
        0.0125         0.0120         0.0110         0.0100         0.0125 
cyclicStrong05   cyclicWeak05 cyclicRandom05 cyclicStrong01   cyclicWeak01 
        0.0000         0.0000         0.0000         0.0055         0.0115 
cyclicRandom01 
        0.0070 
         ttest             FL          PRegs      PRegsCoef           perm 
         5e-04          5e-04          5e-04          5e-04          5e-04 
cyclicStrong05   cyclicWeak05 cyclicRandom05 cyclicStrong01   cyclicWeak01 
         0e+00          0e+00          0e+00          0e+00          0e+00 
cyclicRandom01 
         0e+00 
[1] "#########3############"
         ttest             FL          PRegs      PRegsCoef           perm 
        0.0540         0.0560         0.0505         0.0505         0.0550 
cyclicStrong05   cyclicWeak05 cyclicRandom05 cyclicStrong01   cyclicWeak01 
        0.0505         0.0550         0.0555         0.0430         0.0525 
cyclicRandom01 
        0.0410 
         ttest             FL          PRegs      PRegsCoef           perm 
        0.0115         0.0105         0.0115         0.0115         0.0115 
cyclicStrong05   cyclicWeak05 cyclicRandom05 cyclicStrong01   cyclicWeak01 
        0.0000         0.0000         0.0000         0.0070         0.0125 
cyclicRandom01 
        0.0065 
         ttest             FL          PRegs      PRegsCoef           perm 
         1e-03          5e-04          1e-03          1e-03          1e-03 
cyclicStrong05   cyclicWeak05 cyclicRandom05 cyclicStrong01   cyclicWeak01 
         0e+00          0e+00          0e+00          0e+00          0e+00 
cyclicRandom01 
         0e+00 
[1] "#########4############"
