sample size 100 
num of features in Z 2 
design Cauchy 
noise/error multinomial 
signal/power 0 
[1] "#########1############"
         ttest             FL          PRegs      PRegsCoef           perm 
        0.0280         0.0540         0.0515         0.0495         0.0495 
cyclicStrong05   cyclicWeak05 cyclicRandom05 cyclicStrong01   cyclicWeak01 
        0.0500         0.0455         0.0565         0.0415         0.0510 
cyclicRandom01 
        0.0495 
         ttest             FL          PRegs      PRegsCoef           perm 
        0.0215         0.0125         0.0110         0.0120         0.0140 
cyclicStrong05   cyclicWeak05 cyclicRandom05 cyclicStrong01   cyclicWeak01 
        0.0000         0.0000         0.0000         0.0055         0.0080 
cyclicRandom01 
        0.0130 
         ttest             FL          PRegs      PRegsCoef           perm 
        0.0130         0.0025         0.0015         0.0035         0.0020 
cyclicStrong05   cyclicWeak05 cyclicRandom05 cyclicStrong01   cyclicWeak01 
        0.0000         0.0000         0.0000         0.0000         0.0000 
cyclicRandom01 
        0.0000 
[1] "#########2############"
         ttest             FL          PRegs      PRegsCoef           perm 
        0.0425         0.0495         0.0480         0.0500         0.0480 
cyclicStrong05   cyclicWeak05 cyclicRandom05 cyclicStrong01   cyclicWeak01 
        0.0500         0.0550         0.0515         0.0525         0.0485 
cyclicRandom01 
        0.0520 
         ttest             FL          PRegs      PRegsCoef           perm 
        0.0425         0.0100         0.0100         0.0105         0.0120 
cyclicStrong05   cyclicWeak05 cyclicRandom05 cyclicStrong01   cyclicWeak01 
        0.0000         0.0000         0.0000         0.0120         0.0075 
cyclicRandom01 
        0.0100 
         ttest             FL          PRegs      PRegsCoef           perm 
        0.0425         0.0000         0.0000         0.0000         0.0000 
cyclicStrong05   cyclicWeak05 cyclicRandom05 cyclicStrong01   cyclicWeak01 
        0.0000         0.0000         0.0000         0.0000         0.0000 
cyclicRandom01 
        0.0000 
[1] "#########3############"
