Gaussian 	 gaussian 	 16 	 0.5[1] "#########1############"
  Normal Bootstrap Inversion
1  0.956     0.944     0.982
[1] "#########2############"
  Normal Bootstrap Inversion
2  0.946     0.932     0.974
[1] "#########3############"
  Normal Bootstrap Inversion
3 0.9535    0.9425     0.981
[1] "#########4############"
  Normal Bootstrap Inversion
4  0.949    0.9435    0.9815
[1] "#########5############"
  Normal Bootstrap Inversion
5   0.96     0.941     0.983
[1] "#########6############"
  Normal Bootstrap Inversion
6 0.9545    0.9385    0.9765
[1] "#########7############"
  Normal Bootstrap Inversion
7 0.9455     0.935    0.9725
[1] "#########8############"
  Normal Bootstrap Inversion
8  0.955      0.94     0.986
[1] "#########9############"
  Normal Bootstrap Inversion
9  0.954     0.943    0.9865
[1] "#########10############"
   Normal Bootstrap Inversion
10 0.9495    0.9405    0.9815
