Cauchy 	 cauchy 	 6 	 0[1] "#########1############"
  Normal Bootstrap Inversion
1 0.9595     0.962    0.9575
[1] "#########2############"
  Normal Bootstrap Inversion
2  0.956     0.959    0.9625
[1] "#########3############"
  Normal Bootstrap Inversion
3 0.9585    0.9185    0.9625
[1] "#########4############"
  Normal Bootstrap Inversion
4 0.9485    0.9255    0.9555
[1] "#########5############"
  Normal Bootstrap Inversion
5 0.9345    0.8955     0.961
[1] "#########6############"
  Normal Bootstrap Inversion
6  0.963    0.9605     0.951
[1] "#########7############"
  Normal Bootstrap Inversion
7 0.9395    0.8715     0.955
[1] "#########8############"
  Normal Bootstrap Inversion
8 0.9725    0.9935      0.97
[1] "#########9############"
  Normal Bootstrap Inversion
9  0.961     0.928    0.9665
[1] "#########10############"
   Normal Bootstrap Inversion
10  0.963    0.9895    0.9625
