sample size 100 
num of features in Z 2 
design AnovaUnbalance 
noise/error exponential 
signal/power 0.9 
[1] "#########1############"
         ttest             FL          PRegs      PRegsCoef           perm 
        0.9665         0.9105         0.8115         0.8105         0.8685 
cyclicStrong05   cyclicWeak05 cyclicRandom05 cyclicStrong01   cyclicWeak01 
        0.6890         0.0485         0.7205         0.0380         0.0365 
cyclicRandom01 
        0.0690 
         ttest             FL          PRegs      PRegsCoef           perm 
        0.7245         0.2140         0.0040         0.0030         0.1245 
cyclicStrong05   cyclicWeak05 cyclicRandom05 cyclicStrong01   cyclicWeak01 
        0.0000         0.0000         0.0000         0.0050         0.0050 
cyclicRandom01 
        0.0225 
         ttest             FL          PRegs      PRegsCoef           perm 
         0.371          0.000          0.000          0.000          0.000 
cyclicStrong05   cyclicWeak05 cyclicRandom05 cyclicStrong01   cyclicWeak01 
         0.000          0.000          0.000          0.000          0.000 
cyclicRandom01 
         0.000 
[1] "#########2############"
