AnovaBalance 	 gaussian 	 16 	 0.3[1] "#########1############"
  Normal Bootstrap Inversion
1 0.9595        NA    0.9845
[1] "#########2############"
  Normal Bootstrap Inversion
2 0.9465        NA    0.9815
[1] "#########3############"
  Normal Bootstrap Inversion
3  0.938        NA    0.9785
[1] "#########4############"
  Normal Bootstrap Inversion
4 0.9525        NA    0.9825
[1] "#########5############"
  Normal Bootstrap Inversion
5 0.9525        NA     0.981
[1] "#########6############"
  Normal Bootstrap Inversion
6 0.9465        NA    0.9805
[1] "#########7############"
  Normal Bootstrap Inversion
7  0.942        NA     0.977
[1] "#########8############"
  Normal Bootstrap Inversion
8 0.9455        NA      0.98
[1] "#########9############"
  Normal Bootstrap Inversion
9   0.96        NA    0.9845
[1] "#########10############"
   Normal Bootstrap Inversion
10  0.948        NA     0.982
