AnovaBalance 	 cauchy 	 16 	 0.9[1] "#########1############"
  Normal Bootstrap Inversion
1 0.9465        NA    0.9645
[1] "#########2############"
  Normal Bootstrap Inversion
2 0.9285        NA    0.9525
[1] "#########3############"
  Normal Bootstrap Inversion
3 0.9395        NA     0.962
[1] "#########4############"
  Normal Bootstrap Inversion
4  0.946        NA      0.96
[1] "#########5############"
  Normal Bootstrap Inversion
5  0.945        NA    0.9585
[1] "#########6############"
  Normal Bootstrap Inversion
6  0.933        NA     0.947
[1] "#########7############"
  Normal Bootstrap Inversion
7 0.9245        NA     0.949
[1] "#########8############"
  Normal Bootstrap Inversion
8 0.9385        NA    0.9565
[1] "#########9############"
  Normal Bootstrap Inversion
9 0.9285        NA     0.954
[1] "#########10############"
   Normal Bootstrap Inversion
10 0.9345        NA    0.9525
