sample size 500 
num of features in Z 2 
design Gaussian 
noise/error exponential 
signal/power 0 
[1] "#########1############"
         ttest             FL          PRegs      PRegsCoef           perm 
        0.0445         0.0440         0.0430         0.0450         0.0465 
cyclicStrong05   cyclicWeak05 cyclicRandom05 cyclicStrong01   cyclicWeak01 
        0.0495         0.0425         0.0430         0.0450         0.0435 
cyclicRandom01 
        0.0475 
         ttest             FL          PRegs      PRegsCoef           perm 
        0.0085         0.0075         0.0085         0.0075         0.0085 
cyclicStrong05   cyclicWeak05 cyclicRandom05 cyclicStrong01   cyclicWeak01 
        0.0000         0.0000         0.0000         0.0095         0.0080 
cyclicRandom01 
        0.0090 
         ttest             FL          PRegs      PRegsCoef           perm 
        0.0010         0.0025         0.0005         0.0005         0.0010 
cyclicStrong05   cyclicWeak05 cyclicRandom05 cyclicStrong01   cyclicWeak01 
        0.0000         0.0000         0.0000         0.0000         0.0000 
cyclicRandom01 
        0.0000 
[1] "#########2############"
