Paired 	 gaussian 	 6 	 0.5[1] "#########1############"
  Normal Bootstrap Inversion
1 0.9495        NA     0.976
[1] "#########2############"
  Normal Bootstrap Inversion
2 0.9535        NA    0.9755
[1] "#########3############"
  Normal Bootstrap Inversion
3 0.9515        NA     0.973
[1] "#########4############"
  Normal Bootstrap Inversion
4  0.946        NA     0.977
[1] "#########5############"
  Normal Bootstrap Inversion
5 0.9545        NA     0.975
[1] "#########6############"
  Normal Bootstrap Inversion
6 0.9495        NA    0.9705
[1] "#########7############"
  Normal Bootstrap Inversion
7  0.957        NA    0.9805
[1] "#########8############"
  Normal Bootstrap Inversion
8  0.942        NA    0.9665
[1] "#########9############"
  Normal Bootstrap Inversion
9  0.947        NA     0.976
[1] "#########10############"
   Normal Bootstrap Inversion
10 0.9425        NA      0.97
