sample size 500 
num of features in Z 2 
design Gaussian 
noise/error exponential 
signal/power 0.9 
[1] "#########1############"
         ttest             FL          PRegs      PRegsCoef           perm 
        0.9065         0.9110         0.9080         0.9070         0.9095 
cyclicStrong05   cyclicWeak05 cyclicRandom05 cyclicStrong01   cyclicWeak01 
        0.8140         0.7980         0.7965         0.6330         0.6415 
cyclicRandom01 
        0.7100 
         ttest             FL          PRegs      PRegsCoef           perm 
        0.7640         0.7585         0.7625         0.7575         0.7685 
cyclicStrong05   cyclicWeak05 cyclicRandom05 cyclicStrong01   cyclicWeak01 
        0.0000         0.0000         0.0000         0.3720         0.3850 
cyclicRandom01 
        0.4400 
         ttest             FL          PRegs      PRegsCoef           perm 
        0.4930         0.4675         0.4655         0.4655         0.4640 
cyclicStrong05   cyclicWeak05 cyclicRandom05 cyclicStrong01   cyclicWeak01 
        0.0000         0.0000         0.0000         0.0000         0.0000 
cyclicRandom01 
        0.0000 
[1] "#########2############"
