sample size 100 
num of features in Z 2 
design Gaussian 
noise/error gaussian 
signal/power 0 
[1] "#########1############"
         ttest             FL          PRegs      PRegsCoef           perm 
        0.0475         0.0455         0.0460         0.0465         0.0475 
cyclicStrong05   cyclicWeak05 cyclicRandom05 cyclicStrong01   cyclicWeak01 
        0.0415         0.0495         0.0470         0.0545         0.0450 
cyclicRandom01 
        0.0540 
         ttest             FL          PRegs      PRegsCoef           perm 
        0.0105         0.0095         0.0090         0.0095         0.0105 
cyclicStrong05   cyclicWeak05 cyclicRandom05 cyclicStrong01   cyclicWeak01 
        0.0000         0.0000         0.0000         0.0100         0.0095 
cyclicRandom01 
        0.0105 
         ttest             FL          PRegs      PRegsCoef           perm 
         0e+00          0e+00          0e+00          0e+00          5e-04 
cyclicStrong05   cyclicWeak05 cyclicRandom05 cyclicStrong01   cyclicWeak01 
         0e+00          0e+00          0e+00          0e+00          0e+00 
cyclicRandom01 
         0e+00 
[1] "#########2############"
         ttest             FL          PRegs      PRegsCoef           perm 
        0.0485         0.0470         0.0470         0.0475         0.0495 
cyclicStrong05   cyclicWeak05 cyclicRandom05 cyclicStrong01   cyclicWeak01 
        0.0475         0.0510         0.0480         0.0490         0.0535 
cyclicRandom01 
        0.0490 
         ttest             FL          PRegs      PRegsCoef           perm 
        0.0100         0.0110         0.0095         0.0100         0.0095 
cyclicStrong05   cyclicWeak05 cyclicRandom05 cyclicStrong01   cyclicWeak01 
        0.0000         0.0000         0.0000         0.0130         0.0070 
cyclicRandom01 
        0.0100 
         ttest             FL          PRegs      PRegsCoef           perm 
        0.0015         0.0015         0.0010         0.0010         0.0020 
cyclicStrong05   cyclicWeak05 cyclicRandom05 cyclicStrong01   cyclicWeak01 
        0.0000         0.0000         0.0000         0.0000         0.0000 
cyclicRandom01 
        0.0000 
[1] "#########3############"
