sample size 100 
num of features in Z 2 
design AnovaBalance 
noise/error multinomial 
signal/power 0 
[1] "#########1############"
         ttest             FL          PRegs      PRegsCoef           perm 
        0.0000         0.0000         0.0000         0.0000         0.0000 
cyclicStrong05   cyclicWeak05 cyclicRandom05 cyclicStrong01   cyclicWeak01 
        0.0525         0.0510         0.0440         0.0540         0.0535 
cyclicRandom01 
        0.0460 
         ttest             FL          PRegs      PRegsCoef           perm 
        0.0000         0.0000         0.0000         0.0000         0.0000 
cyclicStrong05   cyclicWeak05 cyclicRandom05 cyclicStrong01   cyclicWeak01 
        0.0000         0.0000         0.0000         0.0005         0.0070 
cyclicRandom01 
        0.0075 
         ttest             FL          PRegs      PRegsCoef           perm 
             0              0              0              0              0 
cyclicStrong05   cyclicWeak05 cyclicRandom05 cyclicStrong01   cyclicWeak01 
             0              0              0              0              0 
cyclicRandom01 
             0 
[1] "#########2############"
         ttest             FL          PRegs      PRegsCoef           perm 
        0.0000         0.0000         0.0000         0.0000         0.0000 
cyclicStrong05   cyclicWeak05 cyclicRandom05 cyclicStrong01   cyclicWeak01 
        0.0495         0.0480         0.0515         0.0500         0.0465 
cyclicRandom01 
        0.0485 
         ttest             FL          PRegs      PRegsCoef           perm 
         0.000          0.000          0.000          0.000          0.000 
cyclicStrong05   cyclicWeak05 cyclicRandom05 cyclicStrong01   cyclicWeak01 
         0.000          0.000          0.000          0.011          0.013 
cyclicRandom01 
         0.007 
         ttest             FL          PRegs      PRegsCoef           perm 
             0              0              0              0              0 
cyclicStrong05   cyclicWeak05 cyclicRandom05 cyclicStrong01   cyclicWeak01 
             0              0              0              0              0 
cyclicRandom01 
             0 
[1] "#########3############"
