sample size 100 
num of features in Z 2 
design AnovaUnbalance 
noise/error gaussian 
signal/power 0 
[1] "#########1############"
         ttest             FL          PRegs      PRegsCoef           perm 
        0.0445         0.0420         0.0360         0.0340         0.0400 
cyclicStrong05   cyclicWeak05 cyclicRandom05 cyclicStrong01   cyclicWeak01 
        0.0465         0.0465         0.0570         0.0315         0.0315 
cyclicRandom01 
        0.0375 
         ttest             FL          PRegs      PRegsCoef           perm 
        0.0075         0.0085         0.0000         0.0010         0.0040 
cyclicStrong05   cyclicWeak05 cyclicRandom05 cyclicStrong01   cyclicWeak01 
        0.0000         0.0000         0.0000         0.0085         0.0085 
cyclicRandom01 
        0.0060 
         ttest             FL          PRegs      PRegsCoef           perm 
         5e-04          0e+00          0e+00          0e+00          0e+00 
cyclicStrong05   cyclicWeak05 cyclicRandom05 cyclicStrong01   cyclicWeak01 
         0e+00          0e+00          0e+00          0e+00          0e+00 
cyclicRandom01 
         0e+00 
[1] "#########2############"
         ttest             FL          PRegs      PRegsCoef           perm 
        0.0565         0.0595         0.0500         0.0500         0.0535 
cyclicStrong05   cyclicWeak05 cyclicRandom05 cyclicStrong01   cyclicWeak01 
        0.0600         0.0505         0.0545         0.0395         0.0425 
cyclicRandom01 
        0.0330 
         ttest             FL          PRegs      PRegsCoef           perm 
        0.0120         0.0110         0.0010         0.0000         0.0040 
cyclicStrong05   cyclicWeak05 cyclicRandom05 cyclicStrong01   cyclicWeak01 
        0.0000         0.0000         0.0000         0.0085         0.0075 
cyclicRandom01 
        0.0060 
         ttest             FL          PRegs      PRegsCoef           perm 
         0.001          0.000          0.000          0.000          0.000 
cyclicStrong05   cyclicWeak05 cyclicRandom05 cyclicStrong01   cyclicWeak01 
         0.000          0.000          0.000          0.000          0.000 
cyclicRandom01 
         0.000 
[1] "#########3############"
