sample size 100 
num of features in Z 5 
design AnovaUnbalance 
noise/error multinomial 
signal/power 0 
[1] "#########1############"
         ttest             FL          PRegs      PRegsCoef           perm 
        0.0110         0.0110         0.0105         0.0105         0.0455 
cyclicStrong05   cyclicWeak05 cyclicRandom05 cyclicStrong01   cyclicWeak01 
        0.0475         0.0480         0.0455         0.0400         0.0510 
cyclicRandom01 
        0.0370 
         ttest             FL          PRegs      PRegsCoef           perm 
        0.0110         0.0105         0.0000         0.0000         0.0040 
cyclicStrong05   cyclicWeak05 cyclicRandom05 cyclicStrong01   cyclicWeak01 
        0.0000         0.0000         0.0000         0.0090         0.0085 
cyclicRandom01 
        0.0075 
         ttest             FL          PRegs      PRegsCoef           perm 
        0.0105         0.0105         0.0000         0.0000         0.0000 
cyclicStrong05   cyclicWeak05 cyclicRandom05 cyclicStrong01   cyclicWeak01 
        0.0000         0.0000         0.0000         0.0000         0.0000 
cyclicRandom01 
        0.0000 
[1] "#########2############"
