sample size 100 
num of features in Z 2 
design AnovaBalance 
noise/error gaussian 
signal/power 0 
[1] "#########1############"
         ttest             FL          PRegs      PRegsCoef           perm 
        0.0565         0.0570         0.0555         0.0540         0.0570 
cyclicStrong05   cyclicWeak05 cyclicRandom05 cyclicStrong01   cyclicWeak01 
        0.0525         0.0520         0.0575         0.0485         0.0385 
cyclicRandom01 
        0.0440 
         ttest             FL          PRegs      PRegsCoef           perm 
        0.0100         0.0100         0.0100         0.0075         0.0100 
cyclicStrong05   cyclicWeak05 cyclicRandom05 cyclicStrong01   cyclicWeak01 
        0.0000         0.0000         0.0000         0.0100         0.0085 
cyclicRandom01 
        0.0075 
         ttest             FL          PRegs      PRegsCoef           perm 
         0.000          0.000          0.000          0.001          0.000 
cyclicStrong05   cyclicWeak05 cyclicRandom05 cyclicStrong01   cyclicWeak01 
         0.000          0.000          0.000          0.000          0.000 
cyclicRandom01 
         0.000 
[1] "#########2############"
         ttest             FL          PRegs      PRegsCoef           perm 
        0.0550         0.0520         0.0520         0.0500         0.0535 
cyclicStrong05   cyclicWeak05 cyclicRandom05 cyclicStrong01   cyclicWeak01 
        0.0515         0.0435         0.0545         0.0465         0.0540 
cyclicRandom01 
        0.0460 
         ttest             FL          PRegs      PRegsCoef           perm 
        0.0085         0.0090         0.0080         0.0075         0.0100 
cyclicStrong05   cyclicWeak05 cyclicRandom05 cyclicStrong01   cyclicWeak01 
        0.0000         0.0000         0.0000         0.0085         0.0095 
cyclicRandom01 
        0.0080 
         ttest             FL          PRegs      PRegsCoef           perm 
        0.0010         0.0015         0.0005         0.0000         0.0005 
cyclicStrong05   cyclicWeak05 cyclicRandom05 cyclicStrong01   cyclicWeak01 
        0.0000         0.0000         0.0000         0.0000         0.0000 
cyclicRandom01 
        0.0000 
[1] "#########3############"
