sample size 500 
num of features in Z 2 
design Cauchy 
noise/error gaussian 
signal/power 0.9 
[1] "#########1############"
         ttest             FL          PRegs      PRegsCoef           perm 
        0.9010         0.8990         0.9005         0.8970         0.9005 
cyclicStrong05   cyclicWeak05 cyclicRandom05 cyclicStrong01   cyclicWeak01 
        0.7690         0.7715         0.7780         0.8155         0.8240 
cyclicRandom01 
        0.5325 
         ttest             FL          PRegs      PRegsCoef           perm 
        0.7470         0.7400         0.7380         0.7360         0.7390 
cyclicStrong05   cyclicWeak05 cyclicRandom05 cyclicStrong01   cyclicWeak01 
        0.0000         0.0000         0.0000         0.5655         0.5775 
cyclicRandom01 
        0.2810 
         ttest             FL          PRegs      PRegsCoef           perm 
        0.4715         0.4340         0.4135         0.4275         0.4420 
cyclicStrong05   cyclicWeak05 cyclicRandom05 cyclicStrong01   cyclicWeak01 
        0.0000         0.0000         0.0000         0.0000         0.0000 
cyclicRandom01 
        0.0000 
[1] "#########2############"
