sample size 100 
num of features in Z 5 
design AnovaUnbalance 
noise/error exponential 
signal/power 0 
[1] "#########1############"
         ttest             FL          PRegs      PRegsCoef           perm 
        0.0490         0.0435         0.0105         0.0090         0.0425 
cyclicStrong05   cyclicWeak05 cyclicRandom05 cyclicStrong01   cyclicWeak01 
        0.0480         0.0525         0.0455         0.0335         0.0515 
cyclicRandom01 
        0.0410 
         ttest             FL          PRegs      PRegsCoef           perm 
        0.0230         0.0050         0.0000         0.0000         0.0055 
cyclicStrong05   cyclicWeak05 cyclicRandom05 cyclicStrong01   cyclicWeak01 
        0.0000         0.0000         0.0000         0.0065         0.0100 
cyclicRandom01 
        0.0070 
         ttest             FL          PRegs      PRegsCoef           perm 
         0.013          0.000          0.000          0.000          0.000 
cyclicStrong05   cyclicWeak05 cyclicRandom05 cyclicStrong01   cyclicWeak01 
         0.000          0.000          0.000          0.000          0.000 
cyclicRandom01 
         0.000 
[1] "#########2############"
