Gaussian 	 cauchy 	 2 	 0.7[1] "#########1############"
  Normal Bootstrap Inversion
1 0.9585     0.824     0.959
[1] "#########2############"
  Normal Bootstrap Inversion
2 0.9465     0.811    0.9465
[1] "#########3############"
  Normal Bootstrap Inversion
3 0.9505      0.82    0.9525
[1] "#########4############"
  Normal Bootstrap Inversion
4  0.953    0.8145    0.9525
[1] "#########5############"
  Normal Bootstrap Inversion
5  0.944    0.8085     0.945
[1] "#########6############"
  Normal Bootstrap Inversion
6 0.9615     0.816    0.9565
[1] "#########7############"
  Normal Bootstrap Inversion
7  0.936     0.819     0.947
[1] "#########8############"
  Normal Bootstrap Inversion
8 0.9475     0.816     0.954
[1] "#########9############"
  Normal Bootstrap Inversion
9  0.942     0.798     0.941
[1] "#########10############"
   Normal Bootstrap Inversion
10  0.957    0.8225     0.956
