AnovaBalance 	 gaussian 	 6 	 0.3[1] "#########1############"
  Normal Bootstrap Inversion
1  0.964        NA     0.969
[1] "#########2############"
  Normal Bootstrap Inversion
2  0.958        NA    0.9715
[1] "#########3############"
  Normal Bootstrap Inversion
3 0.9535        NA     0.966
[1] "#########4############"
  Normal Bootstrap Inversion
4  0.952        NA     0.961
[1] "#########5############"
  Normal Bootstrap Inversion
5  0.949        NA    0.9595
[1] "#########6############"
  Normal Bootstrap Inversion
6 0.9465    0.9235    0.9595
[1] "#########7############"
  Normal Bootstrap Inversion
7   0.96        NA    0.9685
[1] "#########8############"
  Normal Bootstrap Inversion
8   0.95        NA    0.9615
[1] "#########9############"
  Normal Bootstrap Inversion
9 0.9555        NA    0.9655
[1] "#########10############"
   Normal Bootstrap Inversion
10  0.954        NA     0.964
