sample size 100 
num of features in Z 2 
design Gaussian 
noise/error cauchy 
signal/power 0 
[1] "#########1############"
         ttest             FL          PRegs      PRegsCoef           perm 
        0.0455         0.0450         0.0415         0.0430         0.0440 
cyclicStrong05   cyclicWeak05 cyclicRandom05 cyclicStrong01   cyclicWeak01 
        0.0460         0.0510         0.0530         0.0450         0.0560 
cyclicRandom01 
        0.0455 
         ttest             FL          PRegs      PRegsCoef           perm 
        0.0055         0.0080         0.0075         0.0060         0.0090 
cyclicStrong05   cyclicWeak05 cyclicRandom05 cyclicStrong01   cyclicWeak01 
        0.0000         0.0000         0.0000         0.0080         0.0100 
cyclicRandom01 
        0.0110 
         ttest             FL          PRegs      PRegsCoef           perm 
        0.0010         0.0015         0.0015         0.0015         0.0015 
cyclicStrong05   cyclicWeak05 cyclicRandom05 cyclicStrong01   cyclicWeak01 
        0.0000         0.0000         0.0000         0.0000         0.0000 
cyclicRandom01 
        0.0000 
[1] "#########2############"
         ttest             FL          PRegs      PRegsCoef           perm 
        0.0550         0.0540         0.0500         0.0520         0.0540 
cyclicStrong05   cyclicWeak05 cyclicRandom05 cyclicStrong01   cyclicWeak01 
        0.0525         0.0545         0.0445         0.0495         0.0375 
cyclicRandom01 
        0.0475 
         ttest             FL          PRegs      PRegsCoef           perm 
        0.0150         0.0100         0.0105         0.0105         0.0150 
cyclicStrong05   cyclicWeak05 cyclicRandom05 cyclicStrong01   cyclicWeak01 
        0.0000         0.0000         0.0000         0.0105         0.0070 
cyclicRandom01 
        0.0115 
         ttest             FL          PRegs      PRegsCoef           perm 
        0.0005         0.0000         0.0005         0.0005         0.0015 
cyclicStrong05   cyclicWeak05 cyclicRandom05 cyclicStrong01   cyclicWeak01 
        0.0000         0.0000         0.0000         0.0000         0.0000 
cyclicRandom01 
        0.0000 
[1] "#########3############"
         ttest             FL          PRegs      PRegsCoef           perm 
        0.0370         0.0455         0.0425         0.0420         0.0440 
cyclicStrong05   cyclicWeak05 cyclicRandom05 cyclicStrong01   cyclicWeak01 
        0.0415         0.0465         0.0510         0.0525         0.0530 
cyclicRandom01 
        0.0430 
         ttest             FL          PRegs      PRegsCoef           perm 
        0.0055         0.0085         0.0080         0.0085         0.0085 
cyclicStrong05   cyclicWeak05 cyclicRandom05 cyclicStrong01   cyclicWeak01 
        0.0000         0.0000         0.0000         0.0085         0.0115 
cyclicRandom01 
        0.0030 
         ttest             FL          PRegs      PRegsCoef           perm 
         0e+00          1e-03          1e-03          0e+00          5e-04 
cyclicStrong05   cyclicWeak05 cyclicRandom05 cyclicStrong01   cyclicWeak01 
         0e+00          0e+00          0e+00          0e+00          0e+00 
cyclicRandom01 
         0e+00 
[1] "#########4############"
