Cauchy 	 gaussian 	 6 	 0.7[1] "#########1############"
  Normal Bootstrap Inversion
1 0.9445    0.9475    0.9625
[1] "#########2############"
  Normal Bootstrap Inversion
2  0.951    0.9195    0.9595
[1] "#########3############"
  Normal Bootstrap Inversion
3 0.9545     0.923    0.9635
[1] "#########4############"
  Normal Bootstrap Inversion
4  0.953     0.966    0.9695
[1] "#########5############"
  Normal Bootstrap Inversion
5  0.957      0.93     0.969
[1] "#########6############"
  Normal Bootstrap Inversion
6  0.938    0.9715    0.9635
[1] "#########7############"
  Normal Bootstrap Inversion
7 0.9515     0.907    0.9645
[1] "#########8############"
  Normal Bootstrap Inversion
8  0.947    0.8945      0.96
[1] "#########9############"
  Normal Bootstrap Inversion
9  0.947    0.9835     0.967
[1] "#########10############"
   Normal Bootstrap Inversion
10 0.9425    0.9275      0.96
