sample size 100 
num of features in Z 5 
design Gaussian 
noise/error cauchy 
signal/power 0.9 
[1] "#########1############"
         ttest             FL          PRegs      PRegsCoef           perm 
             1              1              1              1              1 
cyclicStrong05   cyclicWeak05 cyclicRandom05 cyclicStrong01   cyclicWeak01 
             1              1              1              0              0 
cyclicRandom01 
             0 
         ttest             FL          PRegs      PRegsCoef           perm 
             1              1              1              1              1 
cyclicStrong05   cyclicWeak05 cyclicRandom05 cyclicStrong01   cyclicWeak01 
             0              0              0              0              0 
cyclicRandom01 
             0 
         ttest             FL          PRegs      PRegsCoef           perm 
             1              1              1              1              1 
cyclicStrong05   cyclicWeak05 cyclicRandom05 cyclicStrong01   cyclicWeak01 
             0              0              0              0              0 
cyclicRandom01 
             0 
[1] "#########2############"
         ttest             FL          PRegs      PRegsCoef           perm 
             1              1              1              1              1 
cyclicStrong05   cyclicWeak05 cyclicRandom05 cyclicStrong01   cyclicWeak01 
             1              1              1              0              0 
cyclicRandom01 
             0 
         ttest             FL          PRegs      PRegsCoef           perm 
             1              1              1              1              1 
cyclicStrong05   cyclicWeak05 cyclicRandom05 cyclicStrong01   cyclicWeak01 
             0              0              0              0              0 
cyclicRandom01 
             0 
         ttest             FL          PRegs      PRegsCoef           perm 
             1              1              1              1              1 
cyclicStrong05   cyclicWeak05 cyclicRandom05 cyclicStrong01   cyclicWeak01 
             0              0              0              0              0 
cyclicRandom01 
             0 
[1] "#########3############"
