sample size 100 
num of features in Z 2 
design Gaussian 
noise/error gaussian 
signal/power 0.9 
[1] "#########1############"
         ttest             FL          PRegs      PRegsCoef           perm 
        0.9100         0.9080         0.9090         0.9060         0.9105 
cyclicStrong05   cyclicWeak05 cyclicRandom05 cyclicStrong01   cyclicWeak01 
        0.7455         0.7255         0.6455         0.0740         0.1165 
cyclicRandom01 
        0.0685 
         ttest             FL          PRegs      PRegsCoef           perm 
        0.7545         0.7550         0.7390         0.7420         0.7480 
cyclicStrong05   cyclicWeak05 cyclicRandom05 cyclicStrong01   cyclicWeak01 
        0.0000         0.0000         0.0000         0.0200         0.0370 
cyclicRandom01 
        0.0135 
         ttest             FL          PRegs      PRegsCoef           perm 
        0.4580         0.4230         0.4075         0.4045         0.4345 
cyclicStrong05   cyclicWeak05 cyclicRandom05 cyclicStrong01   cyclicWeak01 
        0.0000         0.0000         0.0000         0.0000         0.0000 
cyclicRandom01 
        0.0000 
[1] "#########2############"
         ttest             FL          PRegs      PRegsCoef           perm 
        0.9010         0.9000         0.8975         0.8960         0.9000 
cyclicStrong05   cyclicWeak05 cyclicRandom05 cyclicStrong01   cyclicWeak01 
        0.6610         0.5980         0.6715         0.0605         0.0440 
cyclicRandom01 
        0.1165 
         ttest             FL          PRegs      PRegsCoef           perm 
        0.7365         0.7315         0.7220         0.7210         0.7340 
cyclicStrong05   cyclicWeak05 cyclicRandom05 cyclicStrong01   cyclicWeak01 
        0.0000         0.0000         0.0000         0.0145         0.0075 
cyclicRandom01 
        0.0320 
         ttest             FL          PRegs      PRegsCoef           perm 
        0.4610         0.4325         0.4165         0.4240         0.4375 
cyclicStrong05   cyclicWeak05 cyclicRandom05 cyclicStrong01   cyclicWeak01 
        0.0000         0.0000         0.0000         0.0000         0.0000 
cyclicRandom01 
        0.0000 
[1] "#########3############"
         ttest             FL          PRegs      PRegsCoef           perm 
        0.8910         0.8920         0.8885         0.8880         0.8925 
cyclicStrong05   cyclicWeak05 cyclicRandom05 cyclicStrong01   cyclicWeak01 
        0.6780         0.6595         0.5715         0.0345         0.0425 
cyclicRandom01 
        0.0565 
         ttest             FL          PRegs      PRegsCoef           perm 
        0.7415         0.7370         0.7310         0.7250         0.7410 
cyclicStrong05   cyclicWeak05 cyclicRandom05 cyclicStrong01   cyclicWeak01 
        0.0000         0.0000         0.0000         0.0055         0.0095 
cyclicRandom01 
        0.0110 
         ttest             FL          PRegs      PRegsCoef           perm 
        0.4765         0.4505         0.4355         0.4300         0.4450 
cyclicStrong05   cyclicWeak05 cyclicRandom05 cyclicStrong01   cyclicWeak01 
        0.0000         0.0000         0.0000         0.0000         0.0000 
cyclicRandom01 
        0.0000 
[1] "#########4############"
