Gaussian 	 gaussian 	 6 	 0.7[1] "#########1############"
  Normal Bootstrap Inversion
1 0.9515     0.933    0.9695
[1] "#########2############"
  Normal Bootstrap Inversion
2   0.95    0.9265     0.962
[1] "#########3############"
  Normal Bootstrap Inversion
3  0.949    0.9235     0.962
[1] "#########4############"
  Normal Bootstrap Inversion
4 0.9535    0.9325    0.9635
[1] "#########5############"
  Normal Bootstrap Inversion
5  0.946    0.9245    0.9595
[1] "#########6############"
  Normal Bootstrap Inversion
6  0.941     0.925    0.9585
[1] "#########7############"
  Normal Bootstrap Inversion
7 0.9455     0.915     0.957
[1] "#########8############"
  Normal Bootstrap Inversion
8 0.9435     0.905    0.9555
[1] "#########9############"
  Normal Bootstrap Inversion
9 0.9495    0.9295    0.9605
[1] "#########10############"
   Normal Bootstrap Inversion
10 0.9565    0.9295     0.966
