sample size 100 
num of features in Z 5 
design AnovaBalance 
noise/error multinomial 
signal/power 0 
[1] "#########1############"
         ttest             FL          PRegs      PRegsCoef           perm 
        0.0000         0.0000         0.0000         0.0000         0.0000 
cyclicStrong05   cyclicWeak05 cyclicRandom05 cyclicStrong01   cyclicWeak01 
        0.0560         0.0560         0.0600         0.0430         0.0430 
cyclicRandom01 
        0.0515 
         ttest             FL          PRegs      PRegsCoef           perm 
        0.0000         0.0000         0.0000         0.0000         0.0000 
cyclicStrong05   cyclicWeak05 cyclicRandom05 cyclicStrong01   cyclicWeak01 
        0.0000         0.0000         0.0000         0.0120         0.0120 
cyclicRandom01 
        0.0125 
         ttest             FL          PRegs      PRegsCoef           perm 
             0              0              0              0              0 
cyclicStrong05   cyclicWeak05 cyclicRandom05 cyclicStrong01   cyclicWeak01 
             0              0              0              0              0 
cyclicRandom01 
             0 
[1] "#########2############"
         ttest             FL          PRegs      PRegsCoef           perm 
        0.0000         0.0000         0.0000         0.0000         0.0000 
cyclicStrong05   cyclicWeak05 cyclicRandom05 cyclicStrong01   cyclicWeak01 
        0.0475         0.0520         0.0525         0.0500         0.0500 
cyclicRandom01 
        0.0550 
         ttest             FL          PRegs      PRegsCoef           perm 
        0.0000         0.0000         0.0000         0.0000         0.0000 
cyclicStrong05   cyclicWeak05 cyclicRandom05 cyclicStrong01   cyclicWeak01 
        0.0000         0.0000         0.0000         0.0120         0.0125 
cyclicRandom01 
        0.0120 
         ttest             FL          PRegs      PRegsCoef           perm 
             0              0              0              0              0 
cyclicStrong05   cyclicWeak05 cyclicRandom05 cyclicStrong01   cyclicWeak01 
             0              0              0              0              0 
cyclicRandom01 
             0 
[1] "#########3############"
