Cauchy 	 cauchy 	 2 	 0.5[1] "#########1############"
  Normal Bootstrap Inversion
1   0.96    0.9595    0.9515
[1] "#########2############"
  Normal Bootstrap Inversion
2  0.948     0.882     0.951
[1] "#########3############"
  Normal Bootstrap Inversion
3 0.9435    0.9315      0.95
[1] "#########4############"
  Normal Bootstrap Inversion
4  0.967    0.9865      0.95
[1] "#########5############"
  Normal Bootstrap Inversion
5 0.9485     0.891     0.955
[1] "#########6############"
  Normal Bootstrap Inversion
6 0.9595     0.917    0.9455
[1] "#########7############"
  Normal Bootstrap Inversion
7   0.97    0.9885    0.9555
[1] "#########8############"
  Normal Bootstrap Inversion
8  0.974     0.985    0.9565
[1] "#########9############"
  Normal Bootstrap Inversion
9 0.9475    0.8785     0.953
[1] "#########10############"
   Normal Bootstrap Inversion
10  0.941     0.861    0.9585
