sample size 100 
num of features in Z 5 
design AnovaUnbalance 
noise/error cauchy 
signal/power 0 
[1] "#########1############"
         ttest             FL          PRegs      PRegsCoef           perm 
        0.0295         0.0410         0.0085         0.0070         0.0440 
cyclicStrong05   cyclicWeak05 cyclicRandom05 cyclicStrong01   cyclicWeak01 
        0.0545         0.0545         0.0490         0.0335         0.0335 
cyclicRandom01 
        0.0420 
         ttest             FL          PRegs      PRegsCoef           perm 
        0.0200         0.0065         0.0000         0.0000         0.0030 
cyclicStrong05   cyclicWeak05 cyclicRandom05 cyclicStrong01   cyclicWeak01 
        0.0000         0.0000         0.0000         0.0075         0.0055 
cyclicRandom01 
        0.0070 
         ttest             FL          PRegs      PRegsCoef           perm 
        0.0125         0.0000         0.0000         0.0000         0.0000 
cyclicStrong05   cyclicWeak05 cyclicRandom05 cyclicStrong01   cyclicWeak01 
        0.0000         0.0000         0.0000         0.0000         0.0000 
cyclicRandom01 
        0.0000 
[1] "#########2############"
