sample size 100 
num of features in Z 2 
design AnovaUnbalance 
noise/error cauchy 
signal/power 0.9 
[1] "#########1############"
         ttest             FL          PRegs      PRegsCoef           perm 
         1.000          1.000          1.000          1.000          1.000 
cyclicStrong05   cyclicWeak05 cyclicRandom05 cyclicStrong01   cyclicWeak01 
         0.053          1.000          0.043          0.000          0.000 
cyclicRandom01 
         1.000 
         ttest             FL          PRegs      PRegsCoef           perm 
        1.0000         1.0000         0.0430         0.0420         0.4815 
cyclicStrong05   cyclicWeak05 cyclicRandom05 cyclicStrong01   cyclicWeak01 
        0.0000         0.0000         0.0000         0.0000         0.0000 
cyclicRandom01 
        1.0000 
         ttest             FL          PRegs      PRegsCoef           perm 
         1.000          0.985          0.000          0.000          0.000 
cyclicStrong05   cyclicWeak05 cyclicRandom05 cyclicStrong01   cyclicWeak01 
         0.000          0.000          0.000          0.000          0.000 
cyclicRandom01 
         0.000 
[1] "#########2############"
         ttest             FL          PRegs      PRegsCoef           perm 
             1              1              1              1              1 
cyclicStrong05   cyclicWeak05 cyclicRandom05 cyclicStrong01   cyclicWeak01 
             1              1              1              0              0 
cyclicRandom01 
             1 
         ttest             FL          PRegs      PRegsCoef           perm 
         1.000          1.000          0.010          0.007          0.466 
cyclicStrong05   cyclicWeak05 cyclicRandom05 cyclicStrong01   cyclicWeak01 
         0.000          0.000          0.000          0.000          0.000 
cyclicRandom01 
         0.000 
         ttest             FL          PRegs      PRegsCoef           perm 
        1.0000         0.9875         0.0000         0.0000         0.0000 
cyclicStrong05   cyclicWeak05 cyclicRandom05 cyclicStrong01   cyclicWeak01 
        0.0000         0.0000         0.0000         0.0000         0.0000 
cyclicRandom01 
        0.0000 
[1] "#########3############"
